[0.021s] Invoking command in '/home/mscrobotics2425laptop16/Haptic-Exploration-of-Unknown-Surfaces/Admittance Control/build/fr3_control_publish': CMAKE_PREFIX_PATH=${CMAKE_PREFIX_PATH}:/home/mscrobotics2425laptop16/interbotix_ws/install/interbotix_xs_modules:/home/mscrobotics2425laptop16/interbotix_ws/install/interbotix_perception_modules:/home/mscrobotics2425laptop16/interbotix_ws/install/interbotix_common_modules:/home/mscrobotics2425laptop16/interbotix_ws/install/control_pkg:/opt/ros/humble /usr/bin/cmake /home/mscrobotics2425laptop16/Haptic-Exploration-of-Unknown-Surfaces/Admittance Control/src/fr3_control_publish -DCMAKE_INSTALL_PREFIX=/home/mscrobotics2425laptop16/Haptic-Exploration-of-Unknown-Surfaces/Admittance Control/install/fr3_control_publish
[0.037s] -- Found ament_cmake: 1.3.11 (/opt/ros/humble/share/ament_cmake/cmake)
[0.254s] -- Found rosidl_default_generators: 1.2.0 (/opt/ros/humble/share/rosidl_default_generators/cmake)
[0.261s] -- Using all available rosidl_typesupport_c: rosidl_typesupport_fastrtps_c;rosidl_typesupport_introspection_c
[0.262s] -- Found rosidl_adapter: 3.1.6 (/opt/ros/humble/share/rosidl_adapter/cmake)
[0.290s] -- Using all available rosidl_typesupport_cpp: rosidl_typesupport_fastrtps_cpp;rosidl_typesupport_introspection_cpp
[0.308s] -- Found rclcpp: 16.0.11 (/opt/ros/humble/share/rclcpp/cmake)
[0.338s] -- Found rmw_implementation_cmake: 6.1.2 (/opt/ros/humble/share/rmw_implementation_cmake/cmake)
[0.340s] -- Found rmw_fastrtps_cpp: 6.2.7 (/opt/ros/humble/share/rmw_fastrtps_cpp/cmake)
[0.439s] -- Using RMW implementation 'rmw_fastrtps_cpp' as default
[0.468s] -- Found trajectory_msgs: 4.2.4 (/opt/ros/humble/share/trajectory_msgs/cmake)
[0.485s] -- Found control_msgs: 4.8.0 (/opt/ros/humble/share/control_msgs/cmake)
[0.527s] -- Found diagnostic_msgs: 4.2.4 (/opt/ros/humble/share/diagnostic_msgs/cmake)
[0.536s] -- Found tf2_ros: 0.25.12 (/opt/ros/humble/share/tf2_ros/cmake)
[0.573s] -- Found visualization_msgs: 4.2.4 (/opt/ros/humble/share/visualization_msgs/cmake)
[0.866s] -- Found ament_cmake_ros: 0.10.0 (/opt/ros/humble/share/ament_cmake_ros/cmake)
[1.105s] -- Using all available rosidl_typesupport_c: rosidl_typesupport_fastrtps_c;rosidl_typesupport_introspection_c
[1.438s] -- Using all available rosidl_typesupport_cpp: rosidl_typesupport_fastrtps_cpp;rosidl_typesupport_introspection_cpp
[1.471s] -- Found python_cmake_module: 0.10.0 (/opt/ros/humble/share/python_cmake_module/cmake)
[1.501s] -- Using PYTHON_EXECUTABLE: /usr/bin/python3
[1.501s] -- Using PYTHON_INCLUDE_DIRS: /usr/include/python3.10
[1.501s] -- Using PYTHON_LIBRARIES: /usr/lib/x86_64-linux-gnu/libpython3.10.so
[1.560s] -- Found ament_lint_auto: 0.12.11 (/opt/ros/humble/share/ament_lint_auto/cmake)
[1.563s] -- Configuring done
[1.567s] [31mCMake Error at CMakeLists.txt:84 (add_executable):
[1.567s]   Cannot find source file:
[1.567s] 
[1.567s]     src/force_position_controller.cpp
[1.567s] 
[1.567s]   Tried extensions .c .C .c++ .cc .cpp .cxx .cu .mpp .m .M .mm .ixx .cppm .h
[1.567s]   .hh .h++ .hm .hpp .hxx .in .txx .f .F .for .f77 .f90 .f95 .f03 .hip .ispc
[1.567s] 
[1.567s] [0m
[1.569s] [31mCMake Error at CMakeLists.txt:84 (add_executable):
[1.569s]   No SOURCES given to target: force_position_controller
[1.569s] 
[1.569s] [0m
[1.569s] [0mCMake Generate step failed.  Build files cannot be regenerated correctly.[0m
[1.577s] Invoked command in '/home/mscrobotics2425laptop16/Haptic-Exploration-of-Unknown-Surfaces/Admittance Control/build/fr3_control_publish' returned '1': CMAKE_PREFIX_PATH=${CMAKE_PREFIX_PATH}:/home/mscrobotics2425laptop16/interbotix_ws/install/interbotix_xs_modules:/home/mscrobotics2425laptop16/interbotix_ws/install/interbotix_perception_modules:/home/mscrobotics2425laptop16/interbotix_ws/install/interbotix_common_modules:/home/mscrobotics2425laptop16/interbotix_ws/install/control_pkg:/opt/ros/humble /usr/bin/cmake /home/mscrobotics2425laptop16/Haptic-Exploration-of-Unknown-Surfaces/Admittance Control/src/fr3_control_publish -DCMAKE_INSTALL_PREFIX=/home/mscrobotics2425laptop16/Haptic-Exploration-of-Unknown-Surfaces/Admittance Control/install/fr3_control_publish
