[0.030s] Invoking command in '/home/mscrobotics2425laptop16/Haptic-Exploration-of-Unknown-Surfaces/Admittance Control/build/fr3_control_publish': CMAKE_PREFIX_PATH=${CMAKE_PREFIX_PATH}:/home/mscrobotics2425laptop16/interbotix_ws/install/interbotix_xs_modules:/home/mscrobotics2425laptop16/interbotix_ws/install/interbotix_perception_modules:/home/mscrobotics2425laptop16/interbotix_ws/install/interbotix_common_modules:/home/mscrobotics2425laptop16/interbotix_ws/install/control_pkg:/opt/ros/humble /usr/bin/cmake /home/mscrobotics2425laptop16/Haptic-Exploration-of-Unknown-Surfaces/Admittance Control/src/fr3_control_publish -DCMAKE_INSTALL_PREFIX=/home/mscrobotics2425laptop16/Haptic-Exploration-of-Unknown-Surfaces/Admittance Control/install/fr3_control_publish
[0.049s] -- Found ament_cmake: 1.3.11 (/opt/ros/humble/share/ament_cmake/cmake)
[0.259s] -- Found rosidl_default_generators: 1.2.0 (/opt/ros/humble/share/rosidl_default_generators/cmake)
[0.267s] -- Using all available rosidl_typesupport_c: rosidl_typesupport_fastrtps_c;rosidl_typesupport_introspection_c
[0.270s] -- Found rosidl_adapter: 3.1.6 (/opt/ros/humble/share/rosidl_adapter/cmake)
[0.311s] -- Using all available rosidl_typesupport_cpp: rosidl_typesupport_fastrtps_cpp;rosidl_typesupport_introspection_cpp
[0.334s] -- Found rclcpp: 16.0.11 (/opt/ros/humble/share/rclcpp/cmake)
[0.361s] -- Found rmw_implementation_cmake: 6.1.2 (/opt/ros/humble/share/rmw_implementation_cmake/cmake)
[0.363s] -- Found rmw_fastrtps_cpp: 6.2.7 (/opt/ros/humble/share/rmw_fastrtps_cpp/cmake)
[0.453s] -- Using RMW implementation 'rmw_fastrtps_cpp' as default
[0.489s] -- Found trajectory_msgs: 4.2.4 (/opt/ros/humble/share/trajectory_msgs/cmake)
[0.506s] -- Found control_msgs: 4.8.0 (/opt/ros/humble/share/control_msgs/cmake)
[0.560s] -- Found diagnostic_msgs: 4.2.4 (/opt/ros/humble/share/diagnostic_msgs/cmake)
[0.568s] -- Found tf2_ros: 0.25.12 (/opt/ros/humble/share/tf2_ros/cmake)
[0.602s] -- Found visualization_msgs: 4.2.4 (/opt/ros/humble/share/visualization_msgs/cmake)
[0.898s] -- Found ament_cmake_ros: 0.10.0 (/opt/ros/humble/share/ament_cmake_ros/cmake)
[1.140s] -- Using all available rosidl_typesupport_c: rosidl_typesupport_fastrtps_c;rosidl_typesupport_introspection_c
[1.458s] -- Using all available rosidl_typesupport_cpp: rosidl_typesupport_fastrtps_cpp;rosidl_typesupport_introspection_cpp
[1.487s] -- Found python_cmake_module: 0.10.0 (/opt/ros/humble/share/python_cmake_module/cmake)
[1.512s] -- Using PYTHON_EXECUTABLE: /usr/bin/python3
[1.512s] -- Using PYTHON_INCLUDE_DIRS: /usr/include/python3.10
[1.512s] -- Using PYTHON_LIBRARIES: /usr/lib/x86_64-linux-gnu/libpython3.10.so
[1.571s] -- Found ament_lint_auto: 0.12.11 (/opt/ros/humble/share/ament_lint_auto/cmake)
[1.574s] -- Configuring done
[1.629s] -- Generating done
[1.655s] -- Build files have been written to: /home/mscrobotics2425laptop16/Haptic-Exploration-of-Unknown-Surfaces/Admittance Control/build/fr3_control_publish
[1.671s] Invoked command in '/home/mscrobotics2425laptop16/Haptic-Exploration-of-Unknown-Surfaces/Admittance Control/build/fr3_control_publish' returned '0': CMAKE_PREFIX_PATH=${CMAKE_PREFIX_PATH}:/home/mscrobotics2425laptop16/interbotix_ws/install/interbotix_xs_modules:/home/mscrobotics2425laptop16/interbotix_ws/install/interbotix_perception_modules:/home/mscrobotics2425laptop16/interbotix_ws/install/interbotix_common_modules:/home/mscrobotics2425laptop16/interbotix_ws/install/control_pkg:/opt/ros/humble /usr/bin/cmake /home/mscrobotics2425laptop16/Haptic-Exploration-of-Unknown-Surfaces/Admittance Control/src/fr3_control_publish -DCMAKE_INSTALL_PREFIX=/home/mscrobotics2425laptop16/Haptic-Exploration-of-Unknown-Surfaces/Admittance Control/install/fr3_control_publish
[1.672s] Invoking command in '/home/mscrobotics2425laptop16/Haptic-Exploration-of-Unknown-Surfaces/Admittance Control/build/fr3_control_publish': CMAKE_PREFIX_PATH=${CMAKE_PREFIX_PATH}:/home/mscrobotics2425laptop16/interbotix_ws/install/interbotix_xs_modules:/home/mscrobotics2425laptop16/interbotix_ws/install/interbotix_perception_modules:/home/mscrobotics2425laptop16/interbotix_ws/install/interbotix_common_modules:/home/mscrobotics2425laptop16/interbotix_ws/install/control_pkg:/opt/ros/humble /usr/bin/cmake --build /home/mscrobotics2425laptop16/Haptic-Exploration-of-Unknown-Surfaces/Admittance Control/build/fr3_control_publish -- -j12 -l12
[1.728s] [  2%] [34m[1mGenerating C code for ROS interfaces[0m
[1.742s] [  5%] [34m[1mGenerating C++ code for ROS interfaces[0m
[1.745s] [  7%] [32mBuilding CXX object CMakeFiles/hybridforcetangentialcontroller.dir/src/HybridForceTangentialController.cpp.o[0m
[1.749s] [ 10%] [32mBuilding CXX object CMakeFiles/ee_pose_bridge.dir/src/ee_pose_bridge.cpp.o[0m
[1.753s] [ 12%] Built target ament_cmake_python_copy_fr3_control_publish
[1.754s] [ 12%] [32mBuilding CXX object CMakeFiles/contact_point_recorder.dir/src/contact_point_recorder.cpp.o[0m
[2.112s] running egg_info
[2.139s] creating fr3_control_publish.egg-info
[2.143s] writing fr3_control_publish.egg-info/PKG-INFO
[2.143s] writing dependency_links to fr3_control_publish.egg-info/dependency_links.txt
[2.143s] writing top-level names to fr3_control_publish.egg-info/top_level.txt
[2.143s] writing manifest file 'fr3_control_publish.egg-info/SOURCES.txt'
[2.221s] reading manifest file 'fr3_control_publish.egg-info/SOURCES.txt'
[2.227s] writing manifest file 'fr3_control_publish.egg-info/SOURCES.txt'
[2.231s] [ 12%] Built target fr3_control_publish__cpp
[2.256s] [ 17%] [34m[1mGenerating C++ type support dispatch for ROS interfaces[0m
[2.256s] [ 17%] [34m[1mGenerating C++ type support for eProsima Fast-RTPS[0m
[2.264s] [ 20%] [34m[1mGenerating C++ introspection for ROS interfaces[0m
[2.277s] [ 20%] Built target ament_cmake_python_build_fr3_control_publish_egg
[2.296s] [ 23%] [32mBuilding C object CMakeFiles/fr3_control_publish__rosidl_generator_c.dir/rosidl_generator_c/fr3_control_publish/msg/detail/touch_tip_wrench__functions.c.o[0m
[2.421s] [ 25%] [32m[1mLinking C shared library libfr3_control_publish__rosidl_generator_c.so[0m
[2.494s] [ 25%] Built target fr3_control_publish__rosidl_generator_c
[2.516s] [ 30%] [34m[1mGenerating C type support for eProsima Fast-RTPS[0m
[2.517s] [ 30%] [34m[1mGenerating C type support dispatch for ROS interfaces[0m
[2.517s] [ 33%] [34m[1mGenerating C introspection for ROS interfaces[0m
[2.680s] [ 35%] [32mBuilding CXX object CMakeFiles/fr3_control_publish__rosidl_typesupport_fastrtps_cpp.dir/rosidl_typesupport_fastrtps_cpp/fr3_control_publish/msg/detail/dds_fastrtps/touch_tip_wrench__type_support.cpp.o[0m
[2.886s] [ 38%] [32mBuilding CXX object CMakeFiles/fr3_control_publish__rosidl_typesupport_introspection_cpp.dir/rosidl_typesupport_introspection_cpp/fr3_control_publish/msg/detail/touch_tip_wrench__type_support.cpp.o[0m
[2.887s] [ 41%] [32mBuilding CXX object CMakeFiles/fr3_control_publish__rosidl_typesupport_cpp.dir/rosidl_typesupport_cpp/fr3_control_publish/msg/touch_tip_wrench__type_support.cpp.o[0m
[3.153s] [ 43%] [32mBuilding C object CMakeFiles/fr3_control_publish__rosidl_typesupport_introspection_c.dir/rosidl_typesupport_introspection_c/fr3_control_publish/msg/detail/touch_tip_wrench__type_support.c.o[0m
[3.203s] [ 46%] [32mBuilding CXX object CMakeFiles/fr3_control_publish__rosidl_typesupport_c.dir/rosidl_typesupport_c/fr3_control_publish/msg/touch_tip_wrench__type_support.cpp.o[0m
[3.204s] [ 48%] [32mBuilding CXX object CMakeFiles/fr3_control_publish__rosidl_typesupport_fastrtps_c.dir/rosidl_typesupport_fastrtps_c/fr3_control_publish/msg/detail/touch_tip_wrench__type_support_c.cpp.o[0m
[3.263s] [ 51%] [32m[1mLinking C shared library libfr3_control_publish__rosidl_typesupport_introspection_c.so[0m
[3.284s] [ 53%] [32m[1mLinking CXX shared library libfr3_control_publish__rosidl_typesupport_c.so[0m
[3.341s] [ 53%] Built target fr3_control_publish__rosidl_typesupport_introspection_c
[3.375s] [ 53%] Built target fr3_control_publish__rosidl_typesupport_c
[3.430s] [ 56%] [32m[1mLinking CXX shared library libfr3_control_publish__rosidl_typesupport_cpp.so[0m
[3.501s] [ 56%] Built target fr3_control_publish__rosidl_typesupport_cpp
[3.520s] [ 58%] [32m[1mLinking CXX shared library libfr3_control_publish__rosidl_typesupport_fastrtps_cpp.so[0m
[3.539s] [ 61%] [32mBuilding CXX object CMakeFiles/jacobian_publisher.dir/src/fr3_jacobian_publisher.cpp.o[0m
[3.628s] [ 64%] [32m[1mLinking CXX shared library libfr3_control_publish__rosidl_typesupport_introspection_cpp.so[0m
[3.631s] [ 64%] Built target fr3_control_publish__rosidl_typesupport_fastrtps_cpp
[3.757s] [ 64%] Built target fr3_control_publish__rosidl_typesupport_introspection_cpp
[3.790s] [ 66%] [32m[1mLinking CXX shared library libfr3_control_publish__rosidl_typesupport_fastrtps_c.so[0m
[3.913s] [ 66%] Built target fr3_control_publish__rosidl_typesupport_fastrtps_c
[3.944s] [ 66%] Built target fr3_control_publish
[3.977s] [ 69%] [34m[1mGenerating Python code for ROS interfaces[0m
[4.455s] [ 69%] Built target fr3_control_publish__py
[4.487s] [ 71%] [32mBuilding C object CMakeFiles/fr3_control_publish__rosidl_generator_py.dir/rosidl_generator_py/fr3_control_publish/msg/_touch_tip_wrench_s.c.o[0m
[4.661s] [ 74%] [32m[1mLinking C shared library rosidl_generator_py/fr3_control_publish/libfr3_control_publish__rosidl_generator_py.so[0m
[4.731s] [ 74%] Built target fr3_control_publish__rosidl_generator_py
[4.772s] [ 76%] [32mBuilding C object CMakeFiles/fr3_control_publish__rosidl_typesupport_fastrtps_c__pyext.dir/rosidl_generator_py/fr3_control_publish/_fr3_control_publish_s.ep.rosidl_typesupport_fastrtps_c.c.o[0m
[4.774s] [ 79%] [32mBuilding C object CMakeFiles/fr3_control_publish__rosidl_typesupport_c__pyext.dir/rosidl_generator_py/fr3_control_publish/_fr3_control_publish_s.ep.rosidl_typesupport_c.c.o[0m
[4.776s] [ 82%] [32mBuilding C object CMakeFiles/fr3_control_publish__rosidl_typesupport_introspection_c__pyext.dir/rosidl_generator_py/fr3_control_publish/_fr3_control_publish_s.ep.rosidl_typesupport_introspection_c.c.o[0m
[4.948s] [ 84%] [32m[1mLinking C shared library rosidl_generator_py/fr3_control_publish/fr3_control_publish_s__rosidl_typesupport_introspection_c.cpython-310-x86_64-linux-gnu.so[0m
[4.951s] [ 87%] [32m[1mLinking C shared library rosidl_generator_py/fr3_control_publish/fr3_control_publish_s__rosidl_typesupport_c.cpython-310-x86_64-linux-gnu.so[0m
[4.952s] [ 89%] [32m[1mLinking C shared library rosidl_generator_py/fr3_control_publish/fr3_control_publish_s__rosidl_typesupport_fastrtps_c.cpython-310-x86_64-linux-gnu.so[0m
[5.030s] [ 89%] Built target fr3_control_publish__rosidl_typesupport_fastrtps_c__pyext
[5.032s] [ 89%] Built target fr3_control_publish__rosidl_typesupport_introspection_c__pyext
[5.033s] [ 89%] Built target fr3_control_publish__rosidl_typesupport_c__pyext
[7.287s] [01m[K/home/mscrobotics2425laptop16/Haptic-Exploration-of-Unknown-Surfaces/Admittance Control/src/fr3_control_publish/src/HybridForceTangentialController.cpp:[m[K In member function ‘[01m[Kvoid HybridForceTangentialController::control_loop()[m[K’:
[7.288s] [01m[K/home/mscrobotics2425laptop16/Haptic-Exploration-of-Unknown-Surfaces/Admittance Control/src/fr3_control_publish/src/HybridForceTangentialController.cpp:1004:23:[m[K [01;35m[Kwarning: [m[Kvariable ‘[01m[Kpos_error[m[K’ set but not used [[01;35m[K]8;;https://gcc.gnu.org/onlinedocs/gcc/Warning-Options.html#index-Wunused-but-set-variable-Wunused-but-set-variable]8;;[m[K]
[7.288s]  1004 |       Eigen::Vector3d [01;35m[Kpos_error[m[K = advance_target_ - ee_pos_;
[7.288s]       |                       [01;35m[K^~~~~~~~~[m[K
[7.665s] [ 92%] [32m[1mLinking CXX executable ee_pose_bridge[0m
[7.995s] [ 92%] Built target ee_pose_bridge
[11.076s] [ 94%] [32m[1mLinking CXX executable jacobian_publisher[0m
[11.453s] [ 94%] Built target jacobian_publisher
[15.379s] [ 97%] [32m[1mLinking CXX executable contact_point_recorder[0m
[15.861s] [ 97%] Built target contact_point_recorder
[21.480s] [100%] [32m[1mLinking CXX executable hybridforcetangentialcontroller[0m
[22.247s] [100%] Built target hybridforcetangentialcontroller
[22.259s] Invoked command in '/home/mscrobotics2425laptop16/Haptic-Exploration-of-Unknown-Surfaces/Admittance Control/build/fr3_control_publish' returned '0': CMAKE_PREFIX_PATH=${CMAKE_PREFIX_PATH}:/home/mscrobotics2425laptop16/interbotix_ws/install/interbotix_xs_modules:/home/mscrobotics2425laptop16/interbotix_ws/install/interbotix_perception_modules:/home/mscrobotics2425laptop16/interbotix_ws/install/interbotix_common_modules:/home/mscrobotics2425laptop16/interbotix_ws/install/control_pkg:/opt/ros/humble /usr/bin/cmake --build /home/mscrobotics2425laptop16/Haptic-Exploration-of-Unknown-Surfaces/Admittance Control/build/fr3_control_publish -- -j12 -l12
[22.260s] Invoking command in '/home/mscrobotics2425laptop16/Haptic-Exploration-of-Unknown-Surfaces/Admittance Control/build/fr3_control_publish': CMAKE_PREFIX_PATH=${CMAKE_PREFIX_PATH}:/home/mscrobotics2425laptop16/interbotix_ws/install/interbotix_xs_modules:/home/mscrobotics2425laptop16/interbotix_ws/install/interbotix_perception_modules:/home/mscrobotics2425laptop16/interbotix_ws/install/interbotix_common_modules:/home/mscrobotics2425laptop16/interbotix_ws/install/control_pkg:/opt/ros/humble /usr/bin/cmake --install /home/mscrobotics2425laptop16/Haptic-Exploration-of-Unknown-Surfaces/Admittance Control/build/fr3_control_publish
[22.270s] -- Install configuration: ""
[22.270s] -- Installing: /home/mscrobotics2425laptop16/Haptic-Exploration-of-Unknown-Surfaces/Admittance Control/install/fr3_control_publish/share/ament_index/resource_index/rosidl_interfaces/fr3_control_publish
[22.271s] -- Installing: /home/mscrobotics2425laptop16/Haptic-Exploration-of-Unknown-Surfaces/Admittance Control/install/fr3_control_publish/include/fr3_control_publish/fr3_control_publish
[22.271s] -- Installing: /home/mscrobotics2425laptop16/Haptic-Exploration-of-Unknown-Surfaces/Admittance Control/install/fr3_control_publish/include/fr3_control_publish/fr3_control_publish/msg
[22.271s] -- Installing: /home/mscrobotics2425laptop16/Haptic-Exploration-of-Unknown-Surfaces/Admittance Control/install/fr3_control_publish/include/fr3_control_publish/fr3_control_publish/msg/touch_tip_wrench.h
[22.271s] -- Installing: /home/mscrobotics2425laptop16/Haptic-Exploration-of-Unknown-Surfaces/Admittance Control/install/fr3_control_publish/include/fr3_control_publish/fr3_control_publish/msg/detail
[22.271s] -- Installing: /home/mscrobotics2425laptop16/Haptic-Exploration-of-Unknown-Surfaces/Admittance Control/install/fr3_control_publish/include/fr3_control_publish/fr3_control_publish/msg/detail/touch_tip_wrench__type_support.h
[22.271s] -- Installing: /home/mscrobotics2425laptop16/Haptic-Exploration-of-Unknown-Surfaces/Admittance Control/install/fr3_control_publish/include/fr3_control_publish/fr3_control_publish/msg/detail/touch_tip_wrench__functions.h
[22.271s] -- Installing: /home/mscrobotics2425laptop16/Haptic-Exploration-of-Unknown-Surfaces/Admittance Control/install/fr3_control_publish/include/fr3_control_publish/fr3_control_publish/msg/detail/touch_tip_wrench__functions.c
[22.271s] -- Installing: /home/mscrobotics2425laptop16/Haptic-Exploration-of-Unknown-Surfaces/Admittance Control/install/fr3_control_publish/include/fr3_control_publish/fr3_control_publish/msg/detail/touch_tip_wrench__struct.h
[22.271s] -- Installing: /home/mscrobotics2425laptop16/Haptic-Exploration-of-Unknown-Surfaces/Admittance Control/install/fr3_control_publish/include/fr3_control_publish/fr3_control_publish/msg/rosidl_generator_c__visibility_control.h
[22.271s] -- Installing: /home/mscrobotics2425laptop16/Haptic-Exploration-of-Unknown-Surfaces/Admittance Control/install/fr3_control_publish/share/fr3_control_publish/environment/library_path.sh
[22.271s] -- Installing: /home/mscrobotics2425laptop16/Haptic-Exploration-of-Unknown-Surfaces/Admittance Control/install/fr3_control_publish/share/fr3_control_publish/environment/library_path.dsv
[22.271s] -- Installing: /home/mscrobotics2425laptop16/Haptic-Exploration-of-Unknown-Surfaces/Admittance Control/install/fr3_control_publish/lib/libfr3_control_publish__rosidl_generator_c.so
[22.272s] -- Set runtime path of "/home/mscrobotics2425laptop16/Haptic-Exploration-of-Unknown-Surfaces/Admittance Control/install/fr3_control_publish/lib/libfr3_control_publish__rosidl_generator_c.so" to ""
[22.272s] -- Up-to-date: /home/mscrobotics2425laptop16/Haptic-Exploration-of-Unknown-Surfaces/Admittance Control/install/fr3_control_publish/include/fr3_control_publish/fr3_control_publish
[22.272s] -- Up-to-date: /home/mscrobotics2425laptop16/Haptic-Exploration-of-Unknown-Surfaces/Admittance Control/install/fr3_control_publish/include/fr3_control_publish/fr3_control_publish/msg
[22.272s] -- Up-to-date: /home/mscrobotics2425laptop16/Haptic-Exploration-of-Unknown-Surfaces/Admittance Control/install/fr3_control_publish/include/fr3_control_publish/fr3_control_publish/msg/detail
[22.272s] -- Installing: /home/mscrobotics2425laptop16/Haptic-Exploration-of-Unknown-Surfaces/Admittance Control/install/fr3_control_publish/include/fr3_control_publish/fr3_control_publish/msg/detail/touch_tip_wrench__rosidl_typesupport_fastrtps_c.h
[22.272s] -- Installing: /home/mscrobotics2425laptop16/Haptic-Exploration-of-Unknown-Surfaces/Admittance Control/install/fr3_control_publish/include/fr3_control_publish/fr3_control_publish/msg/rosidl_typesupport_fastrtps_c__visibility_control.h
[22.272s] -- Installing: /home/mscrobotics2425laptop16/Haptic-Exploration-of-Unknown-Surfaces/Admittance Control/install/fr3_control_publish/lib/libfr3_control_publish__rosidl_typesupport_fastrtps_c.so
[22.273s] -- Set runtime path of "/home/mscrobotics2425laptop16/Haptic-Exploration-of-Unknown-Surfaces/Admittance Control/install/fr3_control_publish/lib/libfr3_control_publish__rosidl_typesupport_fastrtps_c.so" to ""
[22.273s] -- Up-to-date: /home/mscrobotics2425laptop16/Haptic-Exploration-of-Unknown-Surfaces/Admittance Control/install/fr3_control_publish/include/fr3_control_publish/fr3_control_publish
[22.273s] -- Up-to-date: /home/mscrobotics2425laptop16/Haptic-Exploration-of-Unknown-Surfaces/Admittance Control/install/fr3_control_publish/include/fr3_control_publish/fr3_control_publish/msg
[22.273s] -- Installing: /home/mscrobotics2425laptop16/Haptic-Exploration-of-Unknown-Surfaces/Admittance Control/install/fr3_control_publish/include/fr3_control_publish/fr3_control_publish/msg/rosidl_typesupport_introspection_c__visibility_control.h
[22.273s] -- Up-to-date: /home/mscrobotics2425laptop16/Haptic-Exploration-of-Unknown-Surfaces/Admittance Control/install/fr3_control_publish/include/fr3_control_publish/fr3_control_publish/msg/detail
[22.273s] -- Installing: /home/mscrobotics2425laptop16/Haptic-Exploration-of-Unknown-Surfaces/Admittance Control/install/fr3_control_publish/include/fr3_control_publish/fr3_control_publish/msg/detail/touch_tip_wrench__type_support.c
[22.273s] -- Installing: /home/mscrobotics2425laptop16/Haptic-Exploration-of-Unknown-Surfaces/Admittance Control/install/fr3_control_publish/include/fr3_control_publish/fr3_control_publish/msg/detail/touch_tip_wrench__rosidl_typesupport_introspection_c.h
[22.273s] -- Installing: /home/mscrobotics2425laptop16/Haptic-Exploration-of-Unknown-Surfaces/Admittance Control/install/fr3_control_publish/lib/libfr3_control_publish__rosidl_typesupport_introspection_c.so
[22.274s] -- Set runtime path of "/home/mscrobotics2425laptop16/Haptic-Exploration-of-Unknown-Surfaces/Admittance Control/install/fr3_control_publish/lib/libfr3_control_publish__rosidl_typesupport_introspection_c.so" to ""
[22.274s] -- Installing: /home/mscrobotics2425laptop16/Haptic-Exploration-of-Unknown-Surfaces/Admittance Control/install/fr3_control_publish/lib/libfr3_control_publish__rosidl_typesupport_c.so
[22.274s] -- Set runtime path of "/home/mscrobotics2425laptop16/Haptic-Exploration-of-Unknown-Surfaces/Admittance Control/install/fr3_control_publish/lib/libfr3_control_publish__rosidl_typesupport_c.so" to ""
[22.274s] -- Up-to-date: /home/mscrobotics2425laptop16/Haptic-Exploration-of-Unknown-Surfaces/Admittance Control/install/fr3_control_publish/include/fr3_control_publish/fr3_control_publish
[22.274s] -- Up-to-date: /home/mscrobotics2425laptop16/Haptic-Exploration-of-Unknown-Surfaces/Admittance Control/install/fr3_control_publish/include/fr3_control_publish/fr3_control_publish/msg
[22.274s] -- Up-to-date: /home/mscrobotics2425laptop16/Haptic-Exploration-of-Unknown-Surfaces/Admittance Control/install/fr3_control_publish/include/fr3_control_publish/fr3_control_publish/msg/detail
[22.274s] -- Installing: /home/mscrobotics2425laptop16/Haptic-Exploration-of-Unknown-Surfaces/Admittance Control/install/fr3_control_publish/include/fr3_control_publish/fr3_control_publish/msg/detail/touch_tip_wrench__traits.hpp
[22.274s] -- Installing: /home/mscrobotics2425laptop16/Haptic-Exploration-of-Unknown-Surfaces/Admittance Control/install/fr3_control_publish/include/fr3_control_publish/fr3_control_publish/msg/detail/touch_tip_wrench__type_support.hpp
[22.274s] -- Installing: /home/mscrobotics2425laptop16/Haptic-Exploration-of-Unknown-Surfaces/Admittance Control/install/fr3_control_publish/include/fr3_control_publish/fr3_control_publish/msg/detail/touch_tip_wrench__builder.hpp
[22.274s] -- Installing: /home/mscrobotics2425laptop16/Haptic-Exploration-of-Unknown-Surfaces/Admittance Control/install/fr3_control_publish/include/fr3_control_publish/fr3_control_publish/msg/detail/touch_tip_wrench__struct.hpp
[22.275s] -- Installing: /home/mscrobotics2425laptop16/Haptic-Exploration-of-Unknown-Surfaces/Admittance Control/install/fr3_control_publish/include/fr3_control_publish/fr3_control_publish/msg/touch_tip_wrench.hpp
[22.275s] -- Installing: /home/mscrobotics2425laptop16/Haptic-Exploration-of-Unknown-Surfaces/Admittance Control/install/fr3_control_publish/include/fr3_control_publish/fr3_control_publish/msg/rosidl_generator_cpp__visibility_control.hpp
[22.275s] -- Up-to-date: /home/mscrobotics2425laptop16/Haptic-Exploration-of-Unknown-Surfaces/Admittance Control/install/fr3_control_publish/include/fr3_control_publish/fr3_control_publish
[22.275s] -- Up-to-date: /home/mscrobotics2425laptop16/Haptic-Exploration-of-Unknown-Surfaces/Admittance Control/install/fr3_control_publish/include/fr3_control_publish/fr3_control_publish/msg
[22.275s] -- Up-to-date: /home/mscrobotics2425laptop16/Haptic-Exploration-of-Unknown-Surfaces/Admittance Control/install/fr3_control_publish/include/fr3_control_publish/fr3_control_publish/msg/detail
[22.275s] -- Installing: /home/mscrobotics2425laptop16/Haptic-Exploration-of-Unknown-Surfaces/Admittance Control/install/fr3_control_publish/include/fr3_control_publish/fr3_control_publish/msg/detail/dds_fastrtps
[22.275s] -- Installing: /home/mscrobotics2425laptop16/Haptic-Exploration-of-Unknown-Surfaces/Admittance Control/install/fr3_control_publish/include/fr3_control_publish/fr3_control_publish/msg/detail/touch_tip_wrench__rosidl_typesupport_fastrtps_cpp.hpp
[22.275s] -- Installing: /home/mscrobotics2425laptop16/Haptic-Exploration-of-Unknown-Surfaces/Admittance Control/install/fr3_control_publish/include/fr3_control_publish/fr3_control_publish/msg/rosidl_typesupport_fastrtps_cpp__visibility_control.h
[22.275s] -- Installing: /home/mscrobotics2425laptop16/Haptic-Exploration-of-Unknown-Surfaces/Admittance Control/install/fr3_control_publish/lib/libfr3_control_publish__rosidl_typesupport_fastrtps_cpp.so
[22.276s] -- Set runtime path of "/home/mscrobotics2425laptop16/Haptic-Exploration-of-Unknown-Surfaces/Admittance Control/install/fr3_control_publish/lib/libfr3_control_publish__rosidl_typesupport_fastrtps_cpp.so" to ""
[22.276s] -- Up-to-date: /home/mscrobotics2425laptop16/Haptic-Exploration-of-Unknown-Surfaces/Admittance Control/install/fr3_control_publish/include/fr3_control_publish/fr3_control_publish
[22.276s] -- Up-to-date: /home/mscrobotics2425laptop16/Haptic-Exploration-of-Unknown-Surfaces/Admittance Control/install/fr3_control_publish/include/fr3_control_publish/fr3_control_publish/msg
[22.276s] -- Up-to-date: /home/mscrobotics2425laptop16/Haptic-Exploration-of-Unknown-Surfaces/Admittance Control/install/fr3_control_publish/include/fr3_control_publish/fr3_control_publish/msg/detail
[22.276s] -- Installing: /home/mscrobotics2425laptop16/Haptic-Exploration-of-Unknown-Surfaces/Admittance Control/install/fr3_control_publish/include/fr3_control_publish/fr3_control_publish/msg/detail/touch_tip_wrench__type_support.cpp
[22.276s] -- Installing: /home/mscrobotics2425laptop16/Haptic-Exploration-of-Unknown-Surfaces/Admittance Control/install/fr3_control_publish/include/fr3_control_publish/fr3_control_publish/msg/detail/touch_tip_wrench__rosidl_typesupport_introspection_cpp.hpp
[22.277s] -- Installing: /home/mscrobotics2425laptop16/Haptic-Exploration-of-Unknown-Surfaces/Admittance Control/install/fr3_control_publish/lib/libfr3_control_publish__rosidl_typesupport_introspection_cpp.so
[22.277s] -- Set runtime path of "/home/mscrobotics2425laptop16/Haptic-Exploration-of-Unknown-Surfaces/Admittance Control/install/fr3_control_publish/lib/libfr3_control_publish__rosidl_typesupport_introspection_cpp.so" to ""
[22.277s] -- Installing: /home/mscrobotics2425laptop16/Haptic-Exploration-of-Unknown-Surfaces/Admittance Control/install/fr3_control_publish/lib/libfr3_control_publish__rosidl_typesupport_cpp.so
[22.277s] -- Set runtime path of "/home/mscrobotics2425laptop16/Haptic-Exploration-of-Unknown-Surfaces/Admittance Control/install/fr3_control_publish/lib/libfr3_control_publish__rosidl_typesupport_cpp.so" to ""
[22.277s] -- Installing: /home/mscrobotics2425laptop16/Haptic-Exploration-of-Unknown-Surfaces/Admittance Control/install/fr3_control_publish/share/fr3_control_publish/environment/pythonpath.sh
[22.277s] -- Installing: /home/mscrobotics2425laptop16/Haptic-Exploration-of-Unknown-Surfaces/Admittance Control/install/fr3_control_publish/share/fr3_control_publish/environment/pythonpath.dsv
[22.277s] -- Installing: /home/mscrobotics2425laptop16/Haptic-Exploration-of-Unknown-Surfaces/Admittance Control/install/fr3_control_publish/local/lib/python3.10/dist-packages/fr3_control_publish-0.0.0-py3.10.egg-info
[22.277s] -- Installing: /home/mscrobotics2425laptop16/Haptic-Exploration-of-Unknown-Surfaces/Admittance Control/install/fr3_control_publish/local/lib/python3.10/dist-packages/fr3_control_publish-0.0.0-py3.10.egg-info/dependency_links.txt
[22.277s] -- Installing: /home/mscrobotics2425laptop16/Haptic-Exploration-of-Unknown-Surfaces/Admittance Control/install/fr3_control_publish/local/lib/python3.10/dist-packages/fr3_control_publish-0.0.0-py3.10.egg-info/PKG-INFO
[22.277s] -- Installing: /home/mscrobotics2425laptop16/Haptic-Exploration-of-Unknown-Surfaces/Admittance Control/install/fr3_control_publish/local/lib/python3.10/dist-packages/fr3_control_publish-0.0.0-py3.10.egg-info/top_level.txt
[22.277s] -- Installing: /home/mscrobotics2425laptop16/Haptic-Exploration-of-Unknown-Surfaces/Admittance Control/install/fr3_control_publish/local/lib/python3.10/dist-packages/fr3_control_publish-0.0.0-py3.10.egg-info/SOURCES.txt
[22.278s] -- Installing: /home/mscrobotics2425laptop16/Haptic-Exploration-of-Unknown-Surfaces/Admittance Control/install/fr3_control_publish/local/lib/python3.10/dist-packages/fr3_control_publish
[22.278s] -- Installing: /home/mscrobotics2425laptop16/Haptic-Exploration-of-Unknown-Surfaces/Admittance Control/install/fr3_control_publish/local/lib/python3.10/dist-packages/fr3_control_publish/_fr3_control_publish_s.ep.rosidl_typesupport_fastrtps_c.c
[22.278s] -- Installing: /home/mscrobotics2425laptop16/Haptic-Exploration-of-Unknown-Surfaces/Admittance Control/install/fr3_control_publish/local/lib/python3.10/dist-packages/fr3_control_publish/libfr3_control_publish__rosidl_generator_py.so
[22.278s] -- Installing: /home/mscrobotics2425laptop16/Haptic-Exploration-of-Unknown-Surfaces/Admittance Control/install/fr3_control_publish/local/lib/python3.10/dist-packages/fr3_control_publish/__init__.py
[22.278s] -- Installing: /home/mscrobotics2425laptop16/Haptic-Exploration-of-Unknown-Surfaces/Admittance Control/install/fr3_control_publish/local/lib/python3.10/dist-packages/fr3_control_publish/fr3_control_publish_s__rosidl_typesupport_fastrtps_c.cpython-310-x86_64-linux-gnu.so
[22.278s] -- Installing: /home/mscrobotics2425laptop16/Haptic-Exploration-of-Unknown-Surfaces/Admittance Control/install/fr3_control_publish/local/lib/python3.10/dist-packages/fr3_control_publish/_fr3_control_publish_s.ep.rosidl_typesupport_introspection_c.c
[22.278s] -- Installing: /home/mscrobotics2425laptop16/Haptic-Exploration-of-Unknown-Surfaces/Admittance Control/install/fr3_control_publish/local/lib/python3.10/dist-packages/fr3_control_publish/msg
[22.278s] -- Installing: /home/mscrobotics2425laptop16/Haptic-Exploration-of-Unknown-Surfaces/Admittance Control/install/fr3_control_publish/local/lib/python3.10/dist-packages/fr3_control_publish/msg/__init__.py
[22.278s] -- Installing: /home/mscrobotics2425laptop16/Haptic-Exploration-of-Unknown-Surfaces/Admittance Control/install/fr3_control_publish/local/lib/python3.10/dist-packages/fr3_control_publish/msg/_touch_tip_wrench.py
[22.278s] -- Installing: /home/mscrobotics2425laptop16/Haptic-Exploration-of-Unknown-Surfaces/Admittance Control/install/fr3_control_publish/local/lib/python3.10/dist-packages/fr3_control_publish/msg/_touch_tip_wrench_s.c
[22.278s] -- Installing: /home/mscrobotics2425laptop16/Haptic-Exploration-of-Unknown-Surfaces/Admittance Control/install/fr3_control_publish/local/lib/python3.10/dist-packages/fr3_control_publish/_fr3_control_publish_s.ep.rosidl_typesupport_c.c
[22.278s] -- Installing: /home/mscrobotics2425laptop16/Haptic-Exploration-of-Unknown-Surfaces/Admittance Control/install/fr3_control_publish/local/lib/python3.10/dist-packages/fr3_control_publish/fr3_control_publish_s__rosidl_typesupport_c.cpython-310-x86_64-linux-gnu.so
[22.278s] -- Installing: /home/mscrobotics2425laptop16/Haptic-Exploration-of-Unknown-Surfaces/Admittance Control/install/fr3_control_publish/local/lib/python3.10/dist-packages/fr3_control_publish/fr3_control_publish_s__rosidl_typesupport_introspection_c.cpython-310-x86_64-linux-gnu.so
[22.316s] Listing '/home/mscrobotics2425laptop16/Haptic-Exploration-of-Unknown-Surfaces/Admittance Control/install/fr3_control_publish/local/lib/python3.10/dist-packages/fr3_control_publish'...
[22.316s] Compiling '/home/mscrobotics2425laptop16/Haptic-Exploration-of-Unknown-Surfaces/Admittance Control/install/fr3_control_publish/local/lib/python3.10/dist-packages/fr3_control_publish/__init__.py'...
[22.316s] Listing '/home/mscrobotics2425laptop16/Haptic-Exploration-of-Unknown-Surfaces/Admittance Control/install/fr3_control_publish/local/lib/python3.10/dist-packages/fr3_control_publish/msg'...
[22.316s] Compiling '/home/mscrobotics2425laptop16/Haptic-Exploration-of-Unknown-Surfaces/Admittance Control/install/fr3_control_publish/local/lib/python3.10/dist-packages/fr3_control_publish/msg/__init__.py'...
[22.316s] Compiling '/home/mscrobotics2425laptop16/Haptic-Exploration-of-Unknown-Surfaces/Admittance Control/install/fr3_control_publish/local/lib/python3.10/dist-packages/fr3_control_publish/msg/_touch_tip_wrench.py'...
[22.321s] -- Installing: /home/mscrobotics2425laptop16/Haptic-Exploration-of-Unknown-Surfaces/Admittance Control/install/fr3_control_publish/local/lib/python3.10/dist-packages/fr3_control_publish/fr3_control_publish_s__rosidl_typesupport_fastrtps_c.cpython-310-x86_64-linux-gnu.so
[22.321s] -- Set runtime path of "/home/mscrobotics2425laptop16/Haptic-Exploration-of-Unknown-Surfaces/Admittance Control/install/fr3_control_publish/local/lib/python3.10/dist-packages/fr3_control_publish/fr3_control_publish_s__rosidl_typesupport_fastrtps_c.cpython-310-x86_64-linux-gnu.so" to ""
[22.321s] -- Installing: /home/mscrobotics2425laptop16/Haptic-Exploration-of-Unknown-Surfaces/Admittance Control/install/fr3_control_publish/local/lib/python3.10/dist-packages/fr3_control_publish/fr3_control_publish_s__rosidl_typesupport_introspection_c.cpython-310-x86_64-linux-gnu.so
[22.321s] -- Set runtime path of "/home/mscrobotics2425laptop16/Haptic-Exploration-of-Unknown-Surfaces/Admittance Control/install/fr3_control_publish/local/lib/python3.10/dist-packages/fr3_control_publish/fr3_control_publish_s__rosidl_typesupport_introspection_c.cpython-310-x86_64-linux-gnu.so" to ""
[22.322s] -- Installing: /home/mscrobotics2425laptop16/Haptic-Exploration-of-Unknown-Surfaces/Admittance Control/install/fr3_control_publish/local/lib/python3.10/dist-packages/fr3_control_publish/fr3_control_publish_s__rosidl_typesupport_c.cpython-310-x86_64-linux-gnu.so
[22.322s] -- Set runtime path of "/home/mscrobotics2425laptop16/Haptic-Exploration-of-Unknown-Surfaces/Admittance Control/install/fr3_control_publish/local/lib/python3.10/dist-packages/fr3_control_publish/fr3_control_publish_s__rosidl_typesupport_c.cpython-310-x86_64-linux-gnu.so" to ""
[22.322s] -- Installing: /home/mscrobotics2425laptop16/Haptic-Exploration-of-Unknown-Surfaces/Admittance Control/install/fr3_control_publish/lib/libfr3_control_publish__rosidl_generator_py.so
[22.322s] -- Set runtime path of "/home/mscrobotics2425laptop16/Haptic-Exploration-of-Unknown-Surfaces/Admittance Control/install/fr3_control_publish/lib/libfr3_control_publish__rosidl_generator_py.so" to ""
[22.322s] -- Installing: /home/mscrobotics2425laptop16/Haptic-Exploration-of-Unknown-Surfaces/Admittance Control/install/fr3_control_publish/share/fr3_control_publish/msg/TouchTipWrench.idl
[22.322s] -- Installing: /home/mscrobotics2425laptop16/Haptic-Exploration-of-Unknown-Surfaces/Admittance Control/install/fr3_control_publish/share/fr3_control_publish/msg/TouchTipWrench.msg
[22.322s] -- Installing: /home/mscrobotics2425laptop16/Haptic-Exploration-of-Unknown-Surfaces/Admittance Control/install/fr3_control_publish/lib/fr3_control_publish/ee_pose_bridge
[22.323s] -- Set runtime path of "/home/mscrobotics2425laptop16/Haptic-Exploration-of-Unknown-Surfaces/Admittance Control/install/fr3_control_publish/lib/fr3_control_publish/ee_pose_bridge" to ""
[22.323s] -- Installing: /home/mscrobotics2425laptop16/Haptic-Exploration-of-Unknown-Surfaces/Admittance Control/install/fr3_control_publish/lib/fr3_control_publish/jacobian_publisher
[22.327s] -- Set runtime path of "/home/mscrobotics2425laptop16/Haptic-Exploration-of-Unknown-Surfaces/Admittance Control/install/fr3_control_publish/lib/fr3_control_publish/jacobian_publisher" to ""
[22.327s] -- Installing: /home/mscrobotics2425laptop16/Haptic-Exploration-of-Unknown-Surfaces/Admittance Control/install/fr3_control_publish/lib/fr3_control_publish/hybridforcetangentialcontroller
[22.341s] -- Set runtime path of "/home/mscrobotics2425laptop16/Haptic-Exploration-of-Unknown-Surfaces/Admittance Control/install/fr3_control_publish/lib/fr3_control_publish/hybridforcetangentialcontroller" to ""
[22.341s] -- Installing: /home/mscrobotics2425laptop16/Haptic-Exploration-of-Unknown-Surfaces/Admittance Control/install/fr3_control_publish/lib/fr3_control_publish/contact_point_recorder
[22.348s] -- Set runtime path of "/home/mscrobotics2425laptop16/Haptic-Exploration-of-Unknown-Surfaces/Admittance Control/install/fr3_control_publish/lib/fr3_control_publish/contact_point_recorder" to ""
[22.348s] -- Installing: /home/mscrobotics2425laptop16/Haptic-Exploration-of-Unknown-Surfaces/Admittance Control/install/fr3_control_publish/share/ament_index/resource_index/package_run_dependencies/fr3_control_publish
[22.348s] -- Installing: /home/mscrobotics2425laptop16/Haptic-Exploration-of-Unknown-Surfaces/Admittance Control/install/fr3_control_publish/share/ament_index/resource_index/parent_prefix_path/fr3_control_publish
[22.348s] -- Installing: /home/mscrobotics2425laptop16/Haptic-Exploration-of-Unknown-Surfaces/Admittance Control/install/fr3_control_publish/share/fr3_control_publish/environment/ament_prefix_path.sh
[22.349s] -- Installing: /home/mscrobotics2425laptop16/Haptic-Exploration-of-Unknown-Surfaces/Admittance Control/install/fr3_control_publish/share/fr3_control_publish/environment/ament_prefix_path.dsv
[22.349s] -- Installing: /home/mscrobotics2425laptop16/Haptic-Exploration-of-Unknown-Surfaces/Admittance Control/install/fr3_control_publish/share/fr3_control_publish/environment/path.sh
[22.349s] -- Installing: /home/mscrobotics2425laptop16/Haptic-Exploration-of-Unknown-Surfaces/Admittance Control/install/fr3_control_publish/share/fr3_control_publish/environment/path.dsv
[22.349s] -- Installing: /home/mscrobotics2425laptop16/Haptic-Exploration-of-Unknown-Surfaces/Admittance Control/install/fr3_control_publish/share/fr3_control_publish/local_setup.bash
[22.349s] -- Installing: /home/mscrobotics2425laptop16/Haptic-Exploration-of-Unknown-Surfaces/Admittance Control/install/fr3_control_publish/share/fr3_control_publish/local_setup.sh
[22.349s] -- Installing: /home/mscrobotics2425laptop16/Haptic-Exploration-of-Unknown-Surfaces/Admittance Control/install/fr3_control_publish/share/fr3_control_publish/local_setup.zsh
[22.350s] -- Installing: /home/mscrobotics2425laptop16/Haptic-Exploration-of-Unknown-Surfaces/Admittance Control/install/fr3_control_publish/share/fr3_control_publish/local_setup.dsv
[22.350s] -- Installing: /home/mscrobotics2425laptop16/Haptic-Exploration-of-Unknown-Surfaces/Admittance Control/install/fr3_control_publish/share/fr3_control_publish/package.dsv
[22.350s] -- Installing: /home/mscrobotics2425laptop16/Haptic-Exploration-of-Unknown-Surfaces/Admittance Control/install/fr3_control_publish/share/ament_index/resource_index/packages/fr3_control_publish
[22.350s] -- Installing: /home/mscrobotics2425laptop16/Haptic-Exploration-of-Unknown-Surfaces/Admittance Control/install/fr3_control_publish/share/fr3_control_publish/cmake/export_fr3_control_publish__rosidl_generator_cExport.cmake
[22.351s] -- Installing: /home/mscrobotics2425laptop16/Haptic-Exploration-of-Unknown-Surfaces/Admittance Control/install/fr3_control_publish/share/fr3_control_publish/cmake/export_fr3_control_publish__rosidl_generator_cExport-noconfig.cmake
[22.351s] -- Installing: /home/mscrobotics2425laptop16/Haptic-Exploration-of-Unknown-Surfaces/Admittance Control/install/fr3_control_publish/share/fr3_control_publish/cmake/export_fr3_control_publish__rosidl_typesupport_fastrtps_cExport.cmake
[22.351s] -- Installing: /home/mscrobotics2425laptop16/Haptic-Exploration-of-Unknown-Surfaces/Admittance Control/install/fr3_control_publish/share/fr3_control_publish/cmake/export_fr3_control_publish__rosidl_typesupport_fastrtps_cExport-noconfig.cmake
[22.352s] -- Installing: /home/mscrobotics2425laptop16/Haptic-Exploration-of-Unknown-Surfaces/Admittance Control/install/fr3_control_publish/share/fr3_control_publish/cmake/fr3_control_publish__rosidl_typesupport_introspection_cExport.cmake
[22.352s] -- Installing: /home/mscrobotics2425laptop16/Haptic-Exploration-of-Unknown-Surfaces/Admittance Control/install/fr3_control_publish/share/fr3_control_publish/cmake/fr3_control_publish__rosidl_typesupport_introspection_cExport-noconfig.cmake
[22.352s] -- Installing: /home/mscrobotics2425laptop16/Haptic-Exploration-of-Unknown-Surfaces/Admittance Control/install/fr3_control_publish/share/fr3_control_publish/cmake/fr3_control_publish__rosidl_typesupport_cExport.cmake
[22.352s] -- Installing: /home/mscrobotics2425laptop16/Haptic-Exploration-of-Unknown-Surfaces/Admittance Control/install/fr3_control_publish/share/fr3_control_publish/cmake/fr3_control_publish__rosidl_typesupport_cExport-noconfig.cmake
[22.352s] -- Installing: /home/mscrobotics2425laptop16/Haptic-Exploration-of-Unknown-Surfaces/Admittance Control/install/fr3_control_publish/share/fr3_control_publish/cmake/export_fr3_control_publish__rosidl_generator_cppExport.cmake
[22.352s] -- Installing: /home/mscrobotics2425laptop16/Haptic-Exploration-of-Unknown-Surfaces/Admittance Control/install/fr3_control_publish/share/fr3_control_publish/cmake/export_fr3_control_publish__rosidl_typesupport_fastrtps_cppExport.cmake
[22.353s] -- Installing: /home/mscrobotics2425laptop16/Haptic-Exploration-of-Unknown-Surfaces/Admittance Control/install/fr3_control_publish/share/fr3_control_publish/cmake/export_fr3_control_publish__rosidl_typesupport_fastrtps_cppExport-noconfig.cmake
[22.353s] -- Installing: /home/mscrobotics2425laptop16/Haptic-Exploration-of-Unknown-Surfaces/Admittance Control/install/fr3_control_publish/share/fr3_control_publish/cmake/fr3_control_publish__rosidl_typesupport_introspection_cppExport.cmake
[22.353s] -- Installing: /home/mscrobotics2425laptop16/Haptic-Exploration-of-Unknown-Surfaces/Admittance Control/install/fr3_control_publish/share/fr3_control_publish/cmake/fr3_control_publish__rosidl_typesupport_introspection_cppExport-noconfig.cmake
[22.353s] -- Installing: /home/mscrobotics2425laptop16/Haptic-Exploration-of-Unknown-Surfaces/Admittance Control/install/fr3_control_publish/share/fr3_control_publish/cmake/fr3_control_publish__rosidl_typesupport_cppExport.cmake
[22.353s] -- Installing: /home/mscrobotics2425laptop16/Haptic-Exploration-of-Unknown-Surfaces/Admittance Control/install/fr3_control_publish/share/fr3_control_publish/cmake/fr3_control_publish__rosidl_typesupport_cppExport-noconfig.cmake
[22.354s] -- Installing: /home/mscrobotics2425laptop16/Haptic-Exploration-of-Unknown-Surfaces/Admittance Control/install/fr3_control_publish/share/fr3_control_publish/cmake/export_fr3_control_publish__rosidl_generator_pyExport.cmake
[22.354s] -- Installing: /home/mscrobotics2425laptop16/Haptic-Exploration-of-Unknown-Surfaces/Admittance Control/install/fr3_control_publish/share/fr3_control_publish/cmake/export_fr3_control_publish__rosidl_generator_pyExport-noconfig.cmake
[22.354s] -- Installing: /home/mscrobotics2425laptop16/Haptic-Exploration-of-Unknown-Surfaces/Admittance Control/install/fr3_control_publish/share/fr3_control_publish/cmake/rosidl_cmake-extras.cmake
[22.354s] -- Installing: /home/mscrobotics2425laptop16/Haptic-Exploration-of-Unknown-Surfaces/Admittance Control/install/fr3_control_publish/share/fr3_control_publish/cmake/ament_cmake_export_dependencies-extras.cmake
[22.354s] -- Installing: /home/mscrobotics2425laptop16/Haptic-Exploration-of-Unknown-Surfaces/Admittance Control/install/fr3_control_publish/share/fr3_control_publish/cmake/ament_cmake_export_include_directories-extras.cmake
[22.355s] -- Installing: /home/mscrobotics2425laptop16/Haptic-Exploration-of-Unknown-Surfaces/Admittance Control/install/fr3_control_publish/share/fr3_control_publish/cmake/ament_cmake_export_libraries-extras.cmake
[22.355s] -- Installing: /home/mscrobotics2425laptop16/Haptic-Exploration-of-Unknown-Surfaces/Admittance Control/install/fr3_control_publish/share/fr3_control_publish/cmake/ament_cmake_export_targets-extras.cmake
[22.355s] -- Installing: /home/mscrobotics2425laptop16/Haptic-Exploration-of-Unknown-Surfaces/Admittance Control/install/fr3_control_publish/share/fr3_control_publish/cmake/rosidl_cmake_export_typesupport_targets-extras.cmake
[22.355s] -- Installing: /home/mscrobotics2425laptop16/Haptic-Exploration-of-Unknown-Surfaces/Admittance Control/install/fr3_control_publish/share/fr3_control_publish/cmake/rosidl_cmake_export_typesupport_libraries-extras.cmake
[22.355s] -- Installing: /home/mscrobotics2425laptop16/Haptic-Exploration-of-Unknown-Surfaces/Admittance Control/install/fr3_control_publish/share/fr3_control_publish/cmake/fr3_control_publishConfig.cmake
[22.355s] -- Installing: /home/mscrobotics2425laptop16/Haptic-Exploration-of-Unknown-Surfaces/Admittance Control/install/fr3_control_publish/share/fr3_control_publish/cmake/fr3_control_publishConfig-version.cmake
[22.356s] -- Installing: /home/mscrobotics2425laptop16/Haptic-Exploration-of-Unknown-Surfaces/Admittance Control/install/fr3_control_publish/share/fr3_control_publish/package.xml
[22.360s] Invoked command in '/home/mscrobotics2425laptop16/Haptic-Exploration-of-Unknown-Surfaces/Admittance Control/build/fr3_control_publish' returned '0': CMAKE_PREFIX_PATH=${CMAKE_PREFIX_PATH}:/home/mscrobotics2425laptop16/interbotix_ws/install/interbotix_xs_modules:/home/mscrobotics2425laptop16/interbotix_ws/install/interbotix_perception_modules:/home/mscrobotics2425laptop16/interbotix_ws/install/interbotix_common_modules:/home/mscrobotics2425laptop16/interbotix_ws/install/control_pkg:/opt/ros/humble /usr/bin/cmake --install /home/mscrobotics2425laptop16/Haptic-Exploration-of-Unknown-Surfaces/Admittance Control/build/fr3_control_publish
