[0.036s] Invoking command in '/home/mscrobotics2425laptop16/Haptic-Exploration-of-Unknown-Surfaces/Admittance Control/build/mujoco_ros2_control_demos': CMAKE_PREFIX_PATH=${CMAKE_PREFIX_PATH}:/home/mscrobotics2425laptop16/interbotix_ws/install/interbotix_xs_modules:/home/mscrobotics2425laptop16/interbotix_ws/install/interbotix_perception_modules:/home/mscrobotics2425laptop16/interbotix_ws/install/interbotix_common_modules:/home/mscrobotics2425laptop16/interbotix_ws/install/control_pkg:/opt/ros/humble /usr/bin/cmake --build /home/mscrobotics2425laptop16/Haptic-Exploration-of-Unknown-Surfaces/Admittance Control/build/mujoco_ros2_control_demos -- -j12 -l12
[0.093s] [35m[1mConsolidate compiler generated dependencies of target example_velocity[0m
[0.095s] [35m[1mConsolidate compiler generated dependencies of target example_tricycle_drive[0m
[0.099s] [35m[1mConsolidate compiler generated dependencies of target example_effort[0m
[0.099s] [35m[1mConsolidate compiler generated dependencies of target example_position[0m
[0.104s] [35m[1mConsolidate compiler generated dependencies of target example_diff_drive[0m
[0.104s] [35m[1mConsolidate compiler generated dependencies of target example_gripper[0m
[0.135s] [ 16%] Built target example_velocity
[0.140s] [ 41%] Built target example_diff_drive
[0.140s] [ 50%] Built target example_tricycle_drive
[0.146s] [ 66%] Built target example_position
[0.151s] [100%] Built target example_effort
[0.151s] [100%] Built target example_gripper
[0.184s] Invoked command in '/home/mscrobotics2425laptop16/Haptic-Exploration-of-Unknown-Surfaces/Admittance Control/build/mujoco_ros2_control_demos' returned '0': CMAKE_PREFIX_PATH=${CMAKE_PREFIX_PATH}:/home/mscrobotics2425laptop16/interbotix_ws/install/interbotix_xs_modules:/home/mscrobotics2425laptop16/interbotix_ws/install/interbotix_perception_modules:/home/mscrobotics2425laptop16/interbotix_ws/install/interbotix_common_modules:/home/mscrobotics2425laptop16/interbotix_ws/install/control_pkg:/opt/ros/humble /usr/bin/cmake --build /home/mscrobotics2425laptop16/Haptic-Exploration-of-Unknown-Surfaces/Admittance Control/build/mujoco_ros2_control_demos -- -j12 -l12
[0.185s] Invoking command in '/home/mscrobotics2425laptop16/Haptic-Exploration-of-Unknown-Surfaces/Admittance Control/build/mujoco_ros2_control_demos': CMAKE_PREFIX_PATH=${CMAKE_PREFIX_PATH}:/home/mscrobotics2425laptop16/interbotix_ws/install/interbotix_xs_modules:/home/mscrobotics2425laptop16/interbotix_ws/install/interbotix_perception_modules:/home/mscrobotics2425laptop16/interbotix_ws/install/interbotix_common_modules:/home/mscrobotics2425laptop16/interbotix_ws/install/control_pkg:/opt/ros/humble /usr/bin/cmake --install /home/mscrobotics2425laptop16/Haptic-Exploration-of-Unknown-Surfaces/Admittance Control/build/mujoco_ros2_control_demos
[0.197s] -- Install configuration: ""
[0.199s] -- Installing: /home/mscrobotics2425laptop16/Haptic-Exploration-of-Unknown-Surfaces/Admittance Control/install/mujoco_ros2_control_demos/share/mujoco_ros2_control_demos//launch
[0.199s] -- Installing: /home/mscrobotics2425laptop16/Haptic-Exploration-of-Unknown-Surfaces/Admittance Control/install/mujoco_ros2_control_demos/share/mujoco_ros2_control_demos//launch/fr3_hzx.launch.py
[0.200s] -- Installing: /home/mscrobotics2425laptop16/Haptic-Exploration-of-Unknown-Surfaces/Admittance Control/install/mujoco_ros2_control_demos/share/mujoco_ros2_control_demos//config
[0.200s] -- Installing: /home/mscrobotics2425laptop16/Haptic-Exploration-of-Unknown-Surfaces/Admittance Control/install/mujoco_ros2_control_demos/share/mujoco_ros2_control_demos//config/tricycle_drive_controller.yaml
[0.200s] -- Installing: /home/mscrobotics2425laptop16/Haptic-Exploration-of-Unknown-Surfaces/Admittance Control/install/mujoco_ros2_control_demos/share/mujoco_ros2_control_demos//config/fr3_admittance_control.yaml
[0.201s] -- Installing: /home/mscrobotics2425laptop16/Haptic-Exploration-of-Unknown-Surfaces/Admittance Control/install/mujoco_ros2_control_demos/share/mujoco_ros2_control_demos//config/diff_drive_controller.yaml
[0.201s] -- Installing: /home/mscrobotics2425laptop16/Haptic-Exploration-of-Unknown-Surfaces/Admittance Control/install/mujoco_ros2_control_demos/share/mujoco_ros2_control_demos//config/gripper_controller.yaml
[0.201s] -- Installing: /home/mscrobotics2425laptop16/Haptic-Exploration-of-Unknown-Surfaces/Admittance Control/install/mujoco_ros2_control_demos/share/mujoco_ros2_control_demos//config/fr3_controllers copy.yaml
[0.201s] -- Installing: /home/mscrobotics2425laptop16/Haptic-Exploration-of-Unknown-Surfaces/Admittance Control/install/mujoco_ros2_control_demos/share/mujoco_ros2_control_demos//config/fr3_controllers.yaml
[0.201s] -- Installing: /home/mscrobotics2425laptop16/Haptic-Exploration-of-Unknown-Surfaces/Admittance Control/install/mujoco_ros2_control_demos/share/mujoco_ros2_control_demos//config/cartpole_controller_effort.yaml
[0.203s] -- Installing: /home/mscrobotics2425laptop16/Haptic-Exploration-of-Unknown-Surfaces/Admittance Control/install/mujoco_ros2_control_demos/share/mujoco_ros2_control_demos//config/cartpole_controller_velocity.yaml
[0.204s] -- Installing: /home/mscrobotics2425laptop16/Haptic-Exploration-of-Unknown-Surfaces/Admittance Control/install/mujoco_ros2_control_demos/share/mujoco_ros2_control_demos//config/ft_broadcaster.yaml
[0.204s] -- Installing: /home/mscrobotics2425laptop16/Haptic-Exploration-of-Unknown-Surfaces/Admittance Control/install/mujoco_ros2_control_demos/share/mujoco_ros2_control_demos//config/cartpole_controller_position.yaml
[0.204s] -- Installing: /home/mscrobotics2425laptop16/Haptic-Exploration-of-Unknown-Surfaces/Admittance Control/install/mujoco_ros2_control_demos/share/mujoco_ros2_control_demos//urdf
[0.204s] -- Installing: /home/mscrobotics2425laptop16/Haptic-Exploration-of-Unknown-Surfaces/Admittance Control/install/mujoco_ros2_control_demos/share/mujoco_ros2_control_demos//urdf/test_cart_effort.xacro.urdf
[0.204s] -- Installing: /home/mscrobotics2425laptop16/Haptic-Exploration-of-Unknown-Surfaces/Admittance Control/install/mujoco_ros2_control_demos/share/mujoco_ros2_control_demos//urdf/test_gripper_mimic_joint.xacro.urdf
[0.204s] -- Installing: /home/mscrobotics2425laptop16/Haptic-Exploration-of-Unknown-Surfaces/Admittance Control/install/mujoco_ros2_control_demos/share/mujoco_ros2_control_demos//urdf/test_vertical_cart_position_pid.xacro.urdf
[0.207s] -- Installing: /home/mscrobotics2425laptop16/Haptic-Exploration-of-Unknown-Surfaces/Admittance Control/install/mujoco_ros2_control_demos/share/mujoco_ros2_control_demos//urdf/test_tricycle_drive.xacro.urdf
[0.207s] -- Installing: /home/mscrobotics2425laptop16/Haptic-Exploration-of-Unknown-Surfaces/Admittance Control/install/mujoco_ros2_control_demos/share/mujoco_ros2_control_demos//urdf/fr3_nohand.urdf
[0.207s] -- Installing: /home/mscrobotics2425laptop16/Haptic-Exploration-of-Unknown-Surfaces/Admittance Control/install/mujoco_ros2_control_demos/share/mujoco_ros2_control_demos//urdf/test_ft_sensor.xacro.urdf
[0.207s] -- Installing: /home/mscrobotics2425laptop16/Haptic-Exploration-of-Unknown-Surfaces/Admittance Control/install/mujoco_ros2_control_demos/share/mujoco_ros2_control_demos//urdf/test_cart_velocity.xacro.urdf
[0.207s] -- Installing: /home/mscrobotics2425laptop16/Haptic-Exploration-of-Unknown-Surfaces/Admittance Control/install/mujoco_ros2_control_demos/share/mujoco_ros2_control_demos//urdf/test_cart_position.xacro.urdf
[0.207s] -- Installing: /home/mscrobotics2425laptop16/Haptic-Exploration-of-Unknown-Surfaces/Admittance Control/install/mujoco_ros2_control_demos/share/mujoco_ros2_control_demos//urdf/fr3_nohand copy.urdf
[0.207s] -- Installing: /home/mscrobotics2425laptop16/Haptic-Exploration-of-Unknown-Surfaces/Admittance Control/install/mujoco_ros2_control_demos/share/mujoco_ros2_control_demos//urdf/test_vertical_cart_velocity_pid.xacro.urdf
[0.208s] -- Installing: /home/mscrobotics2425laptop16/Haptic-Exploration-of-Unknown-Surfaces/Admittance Control/install/mujoco_ros2_control_demos/share/mujoco_ros2_control_demos//urdf/test_diff_drive.xacro.urdf
[0.208s] -- Installing: /home/mscrobotics2425laptop16/Haptic-Exploration-of-Unknown-Surfaces/Admittance Control/install/mujoco_ros2_control_demos/share/mujoco_ros2_control_demos//mujoco_models
[0.208s] -- Installing: /home/mscrobotics2425laptop16/Haptic-Exploration-of-Unknown-Surfaces/Admittance Control/install/mujoco_ros2_control_demos/share/mujoco_ros2_control_demos//mujoco_models/test_gripper_mimic_joint.xml
[0.208s] -- Installing: /home/mscrobotics2425laptop16/Haptic-Exploration-of-Unknown-Surfaces/Admittance Control/install/mujoco_ros2_control_demos/share/mujoco_ros2_control_demos//mujoco_models/scene.xml
[0.208s] -- Installing: /home/mscrobotics2425laptop16/Haptic-Exploration-of-Unknown-Surfaces/Admittance Control/install/mujoco_ros2_control_demos/share/mujoco_ros2_control_demos//mujoco_models/fr3_copy.xml
[0.208s] -- Installing: /home/mscrobotics2425laptop16/Haptic-Exploration-of-Unknown-Surfaces/Admittance Control/install/mujoco_ros2_control_demos/share/mujoco_ros2_control_demos//mujoco_models/assets
[0.208s] -- Installing: /home/mscrobotics2425laptop16/Haptic-Exploration-of-Unknown-Surfaces/Admittance Control/install/mujoco_ros2_control_demos/share/mujoco_ros2_control_demos//mujoco_models/assets/link6_4.obj
[0.208s] -- Installing: /home/mscrobotics2425laptop16/Haptic-Exploration-of-Unknown-Surfaces/Admittance Control/install/mujoco_ros2_control_demos/share/mujoco_ros2_control_demos//mujoco_models/assets/link6_2.obj
[0.213s] -- Installing: /home/mscrobotics2425laptop16/Haptic-Exploration-of-Unknown-Surfaces/Admittance Control/install/mujoco_ros2_control_demos/share/mujoco_ros2_control_demos//mujoco_models/assets/link0.obj
[0.214s] -- Installing: /home/mscrobotics2425laptop16/Haptic-Exploration-of-Unknown-Surfaces/Admittance Control/install/mujoco_ros2_control_demos/share/mujoco_ros2_control_demos//mujoco_models/assets/link7_2.obj
[0.217s] -- Installing: /home/mscrobotics2425laptop16/Haptic-Exploration-of-Unknown-Surfaces/Admittance Control/install/mujoco_ros2_control_demos/share/mujoco_ros2_control_demos//mujoco_models/assets/link1.obj
[0.217s] -- Installing: /home/mscrobotics2425laptop16/Haptic-Exploration-of-Unknown-Surfaces/Admittance Control/install/mujoco_ros2_control_demos/share/mujoco_ros2_control_demos//mujoco_models/assets/link5_0.obj
[0.221s] -- Installing: /home/mscrobotics2425laptop16/Haptic-Exploration-of-Unknown-Surfaces/Admittance Control/install/mujoco_ros2_control_demos/share/mujoco_ros2_control_demos//mujoco_models/assets/link0_6.obj
[0.221s] -- Installing: /home/mscrobotics2425laptop16/Haptic-Exploration-of-Unknown-Surfaces/Admittance Control/install/mujoco_ros2_control_demos/share/mujoco_ros2_control_demos//mujoco_models/assets/link3_1.obj
[0.221s] -- Installing: /home/mscrobotics2425laptop16/Haptic-Exploration-of-Unknown-Surfaces/Admittance Control/install/mujoco_ros2_control_demos/share/mujoco_ros2_control_demos//mujoco_models/assets/link7_0.obj
[0.222s] -- Installing: /home/mscrobotics2425laptop16/Haptic-Exploration-of-Unknown-Surfaces/Admittance Control/install/mujoco_ros2_control_demos/share/mujoco_ros2_control_demos//mujoco_models/assets/Hapic_Exploration.stl
[0.222s] -- Installing: /home/mscrobotics2425laptop16/Haptic-Exploration-of-Unknown-Surfaces/Admittance Control/install/mujoco_ros2_control_demos/share/mujoco_ros2_control_demos//mujoco_models/assets/link0_4.obj
[0.223s] -- Installing: /home/mscrobotics2425laptop16/Haptic-Exploration-of-Unknown-Surfaces/Admittance Control/install/mujoco_ros2_control_demos/share/mujoco_ros2_control_demos//mujoco_models/assets/link2.stl
[0.223s] -- Installing: /home/mscrobotics2425laptop16/Haptic-Exploration-of-Unknown-Surfaces/Admittance Control/install/mujoco_ros2_control_demos/share/mujoco_ros2_control_demos//mujoco_models/assets/link6.stl
[0.223s] -- Installing: /home/mscrobotics2425laptop16/Haptic-Exploration-of-Unknown-Surfaces/Admittance Control/install/mujoco_ros2_control_demos/share/mujoco_ros2_control_demos//mujoco_models/assets/link7.obj
[0.230s] -- Installing: /home/mscrobotics2425laptop16/Haptic-Exploration-of-Unknown-Surfaces/Admittance Control/install/mujoco_ros2_control_demos/share/mujoco_ros2_control_demos//mujoco_models/assets/link4_1.obj
[0.233s] -- Installing: /home/mscrobotics2425laptop16/Haptic-Exploration-of-Unknown-Surfaces/Admittance Control/install/mujoco_ros2_control_demos/share/mujoco_ros2_control_demos//mujoco_models/assets/link6_3.obj
[0.237s] -- Installing: /home/mscrobotics2425laptop16/Haptic-Exploration-of-Unknown-Surfaces/Admittance Control/install/mujoco_ros2_control_demos/share/mujoco_ros2_control_demos//mujoco_models/assets/link5_2.obj
[0.238s] -- Installing: /home/mscrobotics2425laptop16/Haptic-Exploration-of-Unknown-Surfaces/Admittance Control/install/mujoco_ros2_control_demos/share/mujoco_ros2_control_demos//mujoco_models/assets/link7_1.obj
[0.240s] -- Installing: /home/mscrobotics2425laptop16/Haptic-Exploration-of-Unknown-Surfaces/Admittance Control/install/mujoco_ros2_control_demos/share/mujoco_ros2_control_demos//mujoco_models/assets/link5_1.obj
[0.240s] -- Installing: /home/mscrobotics2425laptop16/Haptic-Exploration-of-Unknown-Surfaces/Admittance Control/install/mujoco_ros2_control_demos/share/mujoco_ros2_control_demos//mujoco_models/assets/link5.obj
[0.244s] -- Installing: /home/mscrobotics2425laptop16/Haptic-Exploration-of-Unknown-Surfaces/Admittance Control/install/mujoco_ros2_control_demos/share/mujoco_ros2_control_demos//mujoco_models/assets/link0_5.obj
[0.247s] -- Installing: /home/mscrobotics2425laptop16/Haptic-Exploration-of-Unknown-Surfaces/Admittance Control/install/mujoco_ros2_control_demos/share/mujoco_ros2_control_demos//mujoco_models/assets/link4_0.obj
[0.247s] -- Installing: /home/mscrobotics2425laptop16/Haptic-Exploration-of-Unknown-Surfaces/Admittance Control/install/mujoco_ros2_control_demos/share/mujoco_ros2_control_demos//mujoco_models/assets/rectangle.stl
[0.247s] -- Installing: /home/mscrobotics2425laptop16/Haptic-Exploration-of-Unknown-Surfaces/Admittance Control/install/mujoco_ros2_control_demos/share/mujoco_ros2_control_demos//mujoco_models/assets/link7.stl
[0.248s] -- Installing: /home/mscrobotics2425laptop16/Haptic-Exploration-of-Unknown-Surfaces/Admittance Control/install/mujoco_ros2_control_demos/share/mujoco_ros2_control_demos//mujoco_models/assets/link6_5.obj
[0.248s] -- Installing: /home/mscrobotics2425laptop16/Haptic-Exploration-of-Unknown-Surfaces/Admittance Control/install/mujoco_ros2_control_demos/share/mujoco_ros2_control_demos//mujoco_models/assets/link5.stl
[0.248s] -- Installing: /home/mscrobotics2425laptop16/Haptic-Exploration-of-Unknown-Surfaces/Admittance Control/install/mujoco_ros2_control_demos/share/mujoco_ros2_control_demos//mujoco_models/assets/link4.obj
[0.250s] -- Installing: /home/mscrobotics2425laptop16/Haptic-Exploration-of-Unknown-Surfaces/Admittance Control/install/mujoco_ros2_control_demos/share/mujoco_ros2_control_demos//mujoco_models/assets/sphere.stl
[0.250s] -- Installing: /home/mscrobotics2425laptop16/Haptic-Exploration-of-Unknown-Surfaces/Admittance Control/install/mujoco_ros2_control_demos/share/mujoco_ros2_control_demos//mujoco_models/assets/link4.stl
[0.250s] -- Installing: /home/mscrobotics2425laptop16/Haptic-Exploration-of-Unknown-Surfaces/Admittance Control/install/mujoco_ros2_control_demos/share/mujoco_ros2_control_demos//mujoco_models/assets/link3.obj
[0.252s] -- Installing: /home/mscrobotics2425laptop16/Haptic-Exploration-of-Unknown-Surfaces/Admittance Control/install/mujoco_ros2_control_demos/share/mujoco_ros2_control_demos//mujoco_models/assets/link6_7.obj
[0.252s] -- Installing: /home/mscrobotics2425laptop16/Haptic-Exploration-of-Unknown-Surfaces/Admittance Control/install/mujoco_ros2_control_demos/share/mujoco_ros2_control_demos//mujoco_models/assets/Curved_Rectangle.stl
[0.252s] -- Installing: /home/mscrobotics2425laptop16/Haptic-Exploration-of-Unknown-Surfaces/Admittance Control/install/mujoco_ros2_control_demos/share/mujoco_ros2_control_demos//mujoco_models/assets/link6.obj
[0.256s] -- Installing: /home/mscrobotics2425laptop16/Haptic-Exploration-of-Unknown-Surfaces/Admittance Control/install/mujoco_ros2_control_demos/share/mujoco_ros2_control_demos//mujoco_models/assets/triangle.stl
[0.257s] -- Installing: /home/mscrobotics2425laptop16/Haptic-Exploration-of-Unknown-Surfaces/Admittance Control/install/mujoco_ros2_control_demos/share/mujoco_ros2_control_demos//mujoco_models/assets/link0_3.obj
[0.257s] -- Installing: /home/mscrobotics2425laptop16/Haptic-Exploration-of-Unknown-Surfaces/Admittance Control/install/mujoco_ros2_control_demos/share/mujoco_ros2_control_demos//mujoco_models/assets/link6_1.obj
[0.259s] -- Installing: /home/mscrobotics2425laptop16/Haptic-Exploration-of-Unknown-Surfaces/Admittance Control/install/mujoco_ros2_control_demos/share/mujoco_ros2_control_demos//mujoco_models/assets/link0_0.obj
[0.262s] -- Installing: /home/mscrobotics2425laptop16/Haptic-Exploration-of-Unknown-Surfaces/Admittance Control/install/mujoco_ros2_control_demos/share/mujoco_ros2_control_demos//mujoco_models/assets/link3_0.obj
[0.266s] -- Installing: /home/mscrobotics2425laptop16/Haptic-Exploration-of-Unknown-Surfaces/Admittance Control/install/mujoco_ros2_control_demos/share/mujoco_ros2_control_demos//mujoco_models/assets/link6_0.obj
[0.266s] -- Installing: /home/mscrobotics2425laptop16/Haptic-Exploration-of-Unknown-Surfaces/Admittance Control/install/mujoco_ros2_control_demos/share/mujoco_ros2_control_demos//mujoco_models/assets/link3.stl
[0.266s] -- Installing: /home/mscrobotics2425laptop16/Haptic-Exploration-of-Unknown-Surfaces/Admittance Control/install/mujoco_ros2_control_demos/share/mujoco_ros2_control_demos//mujoco_models/assets/Cylinder.stl
[0.266s] -- Installing: /home/mscrobotics2425laptop16/Haptic-Exploration-of-Unknown-Surfaces/Admittance Control/install/mujoco_ros2_control_demos/share/mujoco_ros2_control_demos//mujoco_models/assets/link1.stl
[0.266s] -- Installing: /home/mscrobotics2425laptop16/Haptic-Exploration-of-Unknown-Surfaces/Admittance Control/install/mujoco_ros2_control_demos/share/mujoco_ros2_control_demos//mujoco_models/assets/link7_3.obj
[0.267s] -- Installing: /home/mscrobotics2425laptop16/Haptic-Exploration-of-Unknown-Surfaces/Admittance Control/install/mujoco_ros2_control_demos/share/mujoco_ros2_control_demos//mujoco_models/assets/link0_2.obj
[0.267s] -- Installing: /home/mscrobotics2425laptop16/Haptic-Exploration-of-Unknown-Surfaces/Admittance Control/install/mujoco_ros2_control_demos/share/mujoco_ros2_control_demos//mujoco_models/assets/link0.stl
[0.267s] -- Installing: /home/mscrobotics2425laptop16/Haptic-Exploration-of-Unknown-Surfaces/Admittance Control/install/mujoco_ros2_control_demos/share/mujoco_ros2_control_demos//mujoco_models/assets/tantou_Meshed.stl
[0.268s] -- Installing: /home/mscrobotics2425laptop16/Haptic-Exploration-of-Unknown-Surfaces/Admittance Control/install/mujoco_ros2_control_demos/share/mujoco_ros2_control_demos//mujoco_models/assets/link0_1.obj
[0.269s] -- Installing: /home/mscrobotics2425laptop16/Haptic-Exploration-of-Unknown-Surfaces/Admittance Control/install/mujoco_ros2_control_demos/share/mujoco_ros2_control_demos//mujoco_models/assets/link6_6.obj
[0.276s] -- Installing: /home/mscrobotics2425laptop16/Haptic-Exploration-of-Unknown-Surfaces/Admittance Control/install/mujoco_ros2_control_demos/share/mujoco_ros2_control_demos//mujoco_models/assets/link2.obj
[0.277s] -- Installing: /home/mscrobotics2425laptop16/Haptic-Exploration-of-Unknown-Surfaces/Admittance Control/install/mujoco_ros2_control_demos/share/mujoco_ros2_control_demos//mujoco_models/test_ft_sensor.xml
[0.277s] -- Installing: /home/mscrobotics2425laptop16/Haptic-Exploration-of-Unknown-Surfaces/Admittance Control/install/mujoco_ros2_control_demos/share/mujoco_ros2_control_demos//mujoco_models/test_vertical_cart.xml
[0.277s] -- Installing: /home/mscrobotics2425laptop16/Haptic-Exploration-of-Unknown-Surfaces/Admittance Control/install/mujoco_ros2_control_demos/share/mujoco_ros2_control_demos//mujoco_models/test_tricycle_drive.xml
[0.278s] -- Installing: /home/mscrobotics2425laptop16/Haptic-Exploration-of-Unknown-Surfaces/Admittance Control/install/mujoco_ros2_control_demos/share/mujoco_ros2_control_demos//mujoco_models/test_cart.xml
[0.278s] -- Installing: /home/mscrobotics2425laptop16/Haptic-Exploration-of-Unknown-Surfaces/Admittance Control/install/mujoco_ros2_control_demos/share/mujoco_ros2_control_demos//mujoco_models/fr3.xml
[0.278s] -- Installing: /home/mscrobotics2425laptop16/Haptic-Exploration-of-Unknown-Surfaces/Admittance Control/install/mujoco_ros2_control_demos/share/mujoco_ros2_control_demos//mujoco_models/test_diff_drive.xml
[0.278s] -- Installing: /home/mscrobotics2425laptop16/Haptic-Exploration-of-Unknown-Surfaces/Admittance Control/install/mujoco_ros2_control_demos/lib/mujoco_ros2_control_demos/example_position
[0.282s] -- Set runtime path of "/home/mscrobotics2425laptop16/Haptic-Exploration-of-Unknown-Surfaces/Admittance Control/install/mujoco_ros2_control_demos/lib/mujoco_ros2_control_demos/example_position" to ""
[0.282s] -- Installing: /home/mscrobotics2425laptop16/Haptic-Exploration-of-Unknown-Surfaces/Admittance Control/install/mujoco_ros2_control_demos/lib/mujoco_ros2_control_demos/example_velocity
[0.286s] -- Set runtime path of "/home/mscrobotics2425laptop16/Haptic-Exploration-of-Unknown-Surfaces/Admittance Control/install/mujoco_ros2_control_demos/lib/mujoco_ros2_control_demos/example_velocity" to ""
[0.287s] -- Installing: /home/mscrobotics2425laptop16/Haptic-Exploration-of-Unknown-Surfaces/Admittance Control/install/mujoco_ros2_control_demos/lib/mujoco_ros2_control_demos/example_effort
[0.287s] -- Set runtime path of "/home/mscrobotics2425laptop16/Haptic-Exploration-of-Unknown-Surfaces/Admittance Control/install/mujoco_ros2_control_demos/lib/mujoco_ros2_control_demos/example_effort" to ""
[0.287s] -- Installing: /home/mscrobotics2425laptop16/Haptic-Exploration-of-Unknown-Surfaces/Admittance Control/install/mujoco_ros2_control_demos/lib/mujoco_ros2_control_demos/example_diff_drive
[0.287s] -- Set runtime path of "/home/mscrobotics2425laptop16/Haptic-Exploration-of-Unknown-Surfaces/Admittance Control/install/mujoco_ros2_control_demos/lib/mujoco_ros2_control_demos/example_diff_drive" to ""
[0.288s] -- Installing: /home/mscrobotics2425laptop16/Haptic-Exploration-of-Unknown-Surfaces/Admittance Control/install/mujoco_ros2_control_demos/lib/mujoco_ros2_control_demos/example_tricycle_drive
[0.289s] -- Set runtime path of "/home/mscrobotics2425laptop16/Haptic-Exploration-of-Unknown-Surfaces/Admittance Control/install/mujoco_ros2_control_demos/lib/mujoco_ros2_control_demos/example_tricycle_drive" to ""
[0.289s] -- Installing: /home/mscrobotics2425laptop16/Haptic-Exploration-of-Unknown-Surfaces/Admittance Control/install/mujoco_ros2_control_demos/lib/mujoco_ros2_control_demos/example_gripper
[0.290s] -- Set runtime path of "/home/mscrobotics2425laptop16/Haptic-Exploration-of-Unknown-Surfaces/Admittance Control/install/mujoco_ros2_control_demos/lib/mujoco_ros2_control_demos/example_gripper" to ""
[0.291s] -- Installing: /home/mscrobotics2425laptop16/Haptic-Exploration-of-Unknown-Surfaces/Admittance Control/install/mujoco_ros2_control_demos/share/ament_index/resource_index/package_run_dependencies/mujoco_ros2_control_demos
[0.291s] -- Installing: /home/mscrobotics2425laptop16/Haptic-Exploration-of-Unknown-Surfaces/Admittance Control/install/mujoco_ros2_control_demos/share/ament_index/resource_index/parent_prefix_path/mujoco_ros2_control_demos
[0.292s] -- Installing: /home/mscrobotics2425laptop16/Haptic-Exploration-of-Unknown-Surfaces/Admittance Control/install/mujoco_ros2_control_demos/share/mujoco_ros2_control_demos/environment/ament_prefix_path.sh
[0.292s] -- Installing: /home/mscrobotics2425laptop16/Haptic-Exploration-of-Unknown-Surfaces/Admittance Control/install/mujoco_ros2_control_demos/share/mujoco_ros2_control_demos/environment/ament_prefix_path.dsv
[0.292s] -- Installing: /home/mscrobotics2425laptop16/Haptic-Exploration-of-Unknown-Surfaces/Admittance Control/install/mujoco_ros2_control_demos/share/mujoco_ros2_control_demos/environment/path.sh
[0.293s] -- Installing: /home/mscrobotics2425laptop16/Haptic-Exploration-of-Unknown-Surfaces/Admittance Control/install/mujoco_ros2_control_demos/share/mujoco_ros2_control_demos/environment/path.dsv
[0.293s] -- Installing: /home/mscrobotics2425laptop16/Haptic-Exploration-of-Unknown-Surfaces/Admittance Control/install/mujoco_ros2_control_demos/share/mujoco_ros2_control_demos/local_setup.bash
[0.294s] -- Installing: /home/mscrobotics2425laptop16/Haptic-Exploration-of-Unknown-Surfaces/Admittance Control/install/mujoco_ros2_control_demos/share/mujoco_ros2_control_demos/local_setup.sh
[0.294s] -- Installing: /home/mscrobotics2425laptop16/Haptic-Exploration-of-Unknown-Surfaces/Admittance Control/install/mujoco_ros2_control_demos/share/mujoco_ros2_control_demos/local_setup.zsh
[0.294s] -- Installing: /home/mscrobotics2425laptop16/Haptic-Exploration-of-Unknown-Surfaces/Admittance Control/install/mujoco_ros2_control_demos/share/mujoco_ros2_control_demos/local_setup.dsv
[0.294s] -- Installing: /home/mscrobotics2425laptop16/Haptic-Exploration-of-Unknown-Surfaces/Admittance Control/install/mujoco_ros2_control_demos/share/mujoco_ros2_control_demos/package.dsv
[0.294s] -- Installing: /home/mscrobotics2425laptop16/Haptic-Exploration-of-Unknown-Surfaces/Admittance Control/install/mujoco_ros2_control_demos/share/ament_index/resource_index/packages/mujoco_ros2_control_demos
[0.294s] -- Installing: /home/mscrobotics2425laptop16/Haptic-Exploration-of-Unknown-Surfaces/Admittance Control/install/mujoco_ros2_control_demos/share/mujoco_ros2_control_demos/cmake/mujoco_ros2_control_demosConfig.cmake
[0.294s] -- Installing: /home/mscrobotics2425laptop16/Haptic-Exploration-of-Unknown-Surfaces/Admittance Control/install/mujoco_ros2_control_demos/share/mujoco_ros2_control_demos/cmake/mujoco_ros2_control_demosConfig-version.cmake
[0.295s] -- Installing: /home/mscrobotics2425laptop16/Haptic-Exploration-of-Unknown-Surfaces/Admittance Control/install/mujoco_ros2_control_demos/share/mujoco_ros2_control_demos/package.xml
[0.299s] Invoked command in '/home/mscrobotics2425laptop16/Haptic-Exploration-of-Unknown-Surfaces/Admittance Control/build/mujoco_ros2_control_demos' returned '0': CMAKE_PREFIX_PATH=${CMAKE_PREFIX_PATH}:/home/mscrobotics2425laptop16/interbotix_ws/install/interbotix_xs_modules:/home/mscrobotics2425laptop16/interbotix_ws/install/interbotix_perception_modules:/home/mscrobotics2425laptop16/interbotix_ws/install/interbotix_common_modules:/home/mscrobotics2425laptop16/interbotix_ws/install/control_pkg:/opt/ros/humble /usr/bin/cmake --install /home/mscrobotics2425laptop16/Haptic-Exploration-of-Unknown-Surfaces/Admittance Control/build/mujoco_ros2_control_demos
