[0.031s] Invoking command in '/home/mscrobotics2425laptop16/Haptic-Exploration-of-Unknown-Surfaces/Admittance Control/build/fr3_control_publish': CMAKE_PREFIX_PATH=${CMAKE_PREFIX_PATH}:/home/mscrobotics2425laptop16/interbotix_ws/install/interbotix_xs_modules:/home/mscrobotics2425laptop16/interbotix_ws/install/interbotix_perception_modules:/home/mscrobotics2425laptop16/interbotix_ws/install/interbotix_common_modules:/home/mscrobotics2425laptop16/interbotix_ws/install/control_pkg:/opt/ros/humble /usr/bin/cmake /home/mscrobotics2425laptop16/Haptic-Exploration-of-Unknown-Surfaces/Admittance Control/src/fr3_control_publish -DCMAKE_INSTALL_PREFIX=/home/mscrobotics2425laptop16/Haptic-Exploration-of-Unknown-Surfaces/Admittance Control/install/fr3_control_publish
[0.144s] -- The C compiler identification is GNU 11.4.0
[0.224s] -- The CXX compiler identification is GNU 11.4.0
[0.236s] -- Detecting C compiler ABI info
[0.336s] -- Detecting C compiler ABI info - done
[0.344s] -- Check for working C compiler: /usr/bin/cc - skipped
[0.344s] -- Detecting C compile features
[0.344s] -- Detecting C compile features - done
[0.347s] -- Detecting CXX compiler ABI info
[0.451s] -- Detecting CXX compiler ABI info - done
[0.462s] -- Check for working CXX compiler: /usr/bin/c++ - skipped
[0.462s] -- Detecting CXX compile features
[0.463s] -- Detecting CXX compile features - done
[0.505s] -- Found ament_cmake: 1.3.11 (/opt/ros/humble/share/ament_cmake/cmake)
[1.028s] -- Found Python3: /usr/bin/python3 (found version "3.10.12") found components: Interpreter 
[1.202s] -- Found rosidl_default_generators: 1.2.0 (/opt/ros/humble/share/rosidl_default_generators/cmake)
[1.227s] -- Using all available rosidl_typesupport_c: rosidl_typesupport_fastrtps_c;rosidl_typesupport_introspection_c
[1.247s] -- Found rosidl_adapter: 3.1.6 (/opt/ros/humble/share/rosidl_adapter/cmake)
[1.338s] -- Using all available rosidl_typesupport_cpp: rosidl_typesupport_fastrtps_cpp;rosidl_typesupport_introspection_cpp
[1.403s] -- Found rclcpp: 16.0.11 (/opt/ros/humble/share/rclcpp/cmake)
[1.483s] -- Found rmw_implementation_cmake: 6.1.2 (/opt/ros/humble/share/rmw_implementation_cmake/cmake)
[1.488s] -- Found rmw_fastrtps_cpp: 6.2.7 (/opt/ros/humble/share/rmw_fastrtps_cpp/cmake)
[1.606s] -- Found OpenSSL: /usr/lib/x86_64-linux-gnu/libcrypto.so (found version "3.0.2")  
[1.646s] -- Found FastRTPS: /opt/ros/humble/include  
[1.687s] -- Using RMW implementation 'rmw_fastrtps_cpp' as default
[1.716s] -- Looking for pthread.h
[1.826s] -- Looking for pthread.h - found
[1.826s] -- Performing Test CMAKE_HAVE_LIBC_PTHREAD
[1.924s] -- Performing Test CMAKE_HAVE_LIBC_PTHREAD - Success
[1.924s] -- Found Threads: TRUE  
[2.034s] -- Found trajectory_msgs: 4.2.4 (/opt/ros/humble/share/trajectory_msgs/cmake)
[2.087s] -- Found control_msgs: 4.8.0 (/opt/ros/humble/share/control_msgs/cmake)
[2.175s] -- Found diagnostic_msgs: 4.2.4 (/opt/ros/humble/share/diagnostic_msgs/cmake)
[2.222s] -- Found tf2_ros: 0.25.12 (/opt/ros/humble/share/tf2_ros/cmake)
[2.362s] -- Found visualization_msgs: 4.2.4 (/opt/ros/humble/share/visualization_msgs/cmake)
[2.387s] -- Found PkgConfig: /usr/bin/pkg-config (found version "0.29.2") 
[2.388s] -- Checking for module 'glfw3'
[2.413s] --   Found glfw3, version 3.3.6
[3.285s] -- Found ament_cmake_ros: 0.10.0 (/opt/ros/humble/share/ament_cmake_ros/cmake)
[4.178s] -- Using all available rosidl_typesupport_c: rosidl_typesupport_fastrtps_c;rosidl_typesupport_introspection_c
[5.433s] -- Using all available rosidl_typesupport_cpp: rosidl_typesupport_fastrtps_cpp;rosidl_typesupport_introspection_cpp
[5.520s] -- Found PythonInterp: /usr/bin/python3 (found suitable version "3.10.12", minimum required is "3.6") 
[5.533s] -- Found python_cmake_module: 0.10.0 (/opt/ros/humble/share/python_cmake_module/cmake)
[5.665s] -- Found PythonLibs: /usr/lib/x86_64-linux-gnu/libpython3.10.so (found suitable version "3.10.12", minimum required is "3.5") 
[5.665s] -- Using PYTHON_EXECUTABLE: /usr/bin/python3
[5.671s] -- Using PYTHON_INCLUDE_DIRS: /usr/include/python3.10
[5.671s] -- Using PYTHON_LIBRARIES: /usr/lib/x86_64-linux-gnu/libpython3.10.so
[5.773s] -- Found PythonExtra: .so  
[6.186s] -- Found ament_lint_auto: 0.12.11 (/opt/ros/humble/share/ament_lint_auto/cmake)
[6.245s] -- Configuring done
[6.285s] [31mCMake Error at CMakeLists.txt:89 (add_executable):
[6.285s]   Cannot find source file:
[6.285s] 
[6.285s]     src/force_position_controller.cpp
[6.285s] 
[6.286s]   Tried extensions .c .C .c++ .cc .cpp .cxx .cu .mpp .m .M .mm .ixx .cppm .h
[6.286s]   .hh .h++ .hm .hpp .hxx .in .txx .f .F .for .f77 .f90 .f95 .f03 .hip .ispc
[6.286s] 
[6.286s] [0m
[6.286s] [31mCMake Error at CMakeLists.txt:95 (add_executable):
[6.286s]   Cannot find source file:
[6.286s] 
[6.286s]     src/TangentialVelocityController.cpp
[6.287s] 
[6.287s]   Tried extensions .c .C .c++ .cc .cpp .cxx .cu .mpp .m .M .mm .ixx .cppm .h
[6.287s]   .hh .h++ .hm .hpp .hxx .in .txx .f .F .for .f77 .f90 .f95 .f03 .hip .ispc
[6.287s] 
[6.287s] [0m
[6.287s] [31mCMake Error at CMakeLists.txt:103 (add_executable):
[6.287s]   Cannot find source file:
[6.287s] 
[6.287s]     src/HybridForceLyapunovController.cpp
[6.288s] 
[6.288s]   Tried extensions .c .C .c++ .cc .cpp .cxx .cu .mpp .m .M .mm .ixx .cppm .h
[6.288s]   .hh .h++ .hm .hpp .hxx .in .txx .f .F .for .f77 .f90 .f95 .f03 .hip .ispc
[6.288s] 
[6.288s] [0m
[6.288s] [31mCMake Error at CMakeLists.txt:117 (add_executable):
[6.293s]   Cannot find source file:
[6.293s] 
[6.293s]     src/mujoco_sim_node.cpp
[6.293s] 
[6.293s]   Tried extensions .c .C .c++ .cc .cpp .cxx .cu .mpp .m .M .mm .ixx .cppm .h
[6.293s]   .hh .h++ .hm .hpp .hxx .in .txx .f .F .for .f77 .f90 .f95 .f03 .hip .ispc
[6.293s] 
[6.294s] [0m
[6.316s] [31mCMake Error at CMakeLists.txt:89 (add_executable):
[6.316s]   No SOURCES given to target: force_position_controller
[6.316s] 
[6.316s] [0m
[6.316s] [31mCMake Error at CMakeLists.txt:95 (add_executable):
[6.316s]   No SOURCES given to target: tangential_velocity_controller
[6.317s] 
[6.317s] [0m
[6.317s] [31mCMake Error at CMakeLists.txt:103 (add_executable):
[6.317s]   No SOURCES given to target: hybridforcelyapunovcontroller
[6.317s] 
[6.317s] [0m
[6.317s] [31mCMake Error at CMakeLists.txt:117 (add_executable):
[6.317s]   No SOURCES given to target: mujoco_sim_node
[6.317s] 
[6.318s] [0m
[6.318s] [0mCMake Generate step failed.  Build files cannot be regenerated correctly.[0m
[6.399s] Invoked command in '/home/mscrobotics2425laptop16/Haptic-Exploration-of-Unknown-Surfaces/Admittance Control/build/fr3_control_publish' returned '1': CMAKE_PREFIX_PATH=${CMAKE_PREFIX_PATH}:/home/mscrobotics2425laptop16/interbotix_ws/install/interbotix_xs_modules:/home/mscrobotics2425laptop16/interbotix_ws/install/interbotix_perception_modules:/home/mscrobotics2425laptop16/interbotix_ws/install/interbotix_common_modules:/home/mscrobotics2425laptop16/interbotix_ws/install/control_pkg:/opt/ros/humble /usr/bin/cmake /home/mscrobotics2425laptop16/Haptic-Exploration-of-Unknown-Surfaces/Admittance Control/src/fr3_control_publish -DCMAKE_INSTALL_PREFIX=/home/mscrobotics2425laptop16/Haptic-Exploration-of-Unknown-Surfaces/Admittance Control/install/fr3_control_publish
