[0.036s] Invoking command in '/home/mscrobotics2425laptop16/Haptic-Exploration-of-Unknown-Surfaces/Admittance Control/build/mujoco_ros2_control': CMAKE_PREFIX_PATH=${CMAKE_PREFIX_PATH}:/home/mscrobotics2425laptop16/interbotix_ws/install/interbotix_xs_modules:/home/mscrobotics2425laptop16/interbotix_ws/install/interbotix_perception_modules:/home/mscrobotics2425laptop16/interbotix_ws/install/interbotix_common_modules:/home/mscrobotics2425laptop16/interbotix_ws/install/control_pkg:/opt/ros/humble /usr/bin/cmake --build /home/mscrobotics2425laptop16/Haptic-Exploration-of-Unknown-Surfaces/Admittance Control/build/mujoco_ros2_control -- -j12 -l12
[0.117s] [ 33%] Built target mujoco_system_plugins
[0.120s] [100%] Built target mujoco_ros2_control
[0.142s] Invoked command in '/home/mscrobotics2425laptop16/Haptic-Exploration-of-Unknown-Surfaces/Admittance Control/build/mujoco_ros2_control' returned '0': CMAKE_PREFIX_PATH=${CMAKE_PREFIX_PATH}:/home/mscrobotics2425laptop16/interbotix_ws/install/interbotix_xs_modules:/home/mscrobotics2425laptop16/interbotix_ws/install/interbotix_perception_modules:/home/mscrobotics2425laptop16/interbotix_ws/install/interbotix_common_modules:/home/mscrobotics2425laptop16/interbotix_ws/install/control_pkg:/opt/ros/humble /usr/bin/cmake --build /home/mscrobotics2425laptop16/Haptic-Exploration-of-Unknown-Surfaces/Admittance Control/build/mujoco_ros2_control -- -j12 -l12
[0.153s] Invoking command in '/home/mscrobotics2425laptop16/Haptic-Exploration-of-Unknown-Surfaces/Admittance Control/build/mujoco_ros2_control': CMAKE_PREFIX_PATH=${CMAKE_PREFIX_PATH}:/home/mscrobotics2425laptop16/interbotix_ws/install/interbotix_xs_modules:/home/mscrobotics2425laptop16/interbotix_ws/install/interbotix_perception_modules:/home/mscrobotics2425laptop16/interbotix_ws/install/interbotix_common_modules:/home/mscrobotics2425laptop16/interbotix_ws/install/control_pkg:/opt/ros/humble /usr/bin/cmake --install /home/mscrobotics2425laptop16/Haptic-Exploration-of-Unknown-Surfaces/Admittance Control/build/mujoco_ros2_control
[0.161s] -- Install configuration: ""
[0.161s] -- Up-to-date: /home/mscrobotics2425laptop16/Haptic-Exploration-of-Unknown-Surfaces/Admittance Control/install/mujoco_ros2_control/lib/libmujoco_system_plugins.so
[0.161s] -- Up-to-date: /home/mscrobotics2425laptop16/Haptic-Exploration-of-Unknown-Surfaces/Admittance Control/install/mujoco_ros2_control/lib/mujoco_ros2_control/mujoco_ros2_control
[0.161s] -- Up-to-date: /home/mscrobotics2425laptop16/Haptic-Exploration-of-Unknown-Surfaces/Admittance Control/install/mujoco_ros2_control/share/mujoco_ros2_control/mujoco_system_plugins.xml
[0.162s] -- Up-to-date: /home/mscrobotics2425laptop16/Haptic-Exploration-of-Unknown-Surfaces/Admittance Control/install/mujoco_ros2_control/share/ament_index/resource_index/package_run_dependencies/mujoco_ros2_control
[0.162s] -- Up-to-date: /home/mscrobotics2425laptop16/Haptic-Exploration-of-Unknown-Surfaces/Admittance Control/install/mujoco_ros2_control/share/ament_index/resource_index/parent_prefix_path/mujoco_ros2_control
[0.162s] -- Up-to-date: /home/mscrobotics2425laptop16/Haptic-Exploration-of-Unknown-Surfaces/Admittance Control/install/mujoco_ros2_control/share/mujoco_ros2_control/environment/ament_prefix_path.sh
[0.162s] -- Up-to-date: /home/mscrobotics2425laptop16/Haptic-Exploration-of-Unknown-Surfaces/Admittance Control/install/mujoco_ros2_control/share/mujoco_ros2_control/environment/ament_prefix_path.dsv
[0.162s] -- Up-to-date: /home/mscrobotics2425laptop16/Haptic-Exploration-of-Unknown-Surfaces/Admittance Control/install/mujoco_ros2_control/share/mujoco_ros2_control/environment/path.sh
[0.163s] -- Up-to-date: /home/mscrobotics2425laptop16/Haptic-Exploration-of-Unknown-Surfaces/Admittance Control/install/mujoco_ros2_control/share/mujoco_ros2_control/environment/path.dsv
[0.163s] -- Up-to-date: /home/mscrobotics2425laptop16/Haptic-Exploration-of-Unknown-Surfaces/Admittance Control/install/mujoco_ros2_control/share/mujoco_ros2_control/local_setup.bash
[0.163s] -- Up-to-date: /home/mscrobotics2425laptop16/Haptic-Exploration-of-Unknown-Surfaces/Admittance Control/install/mujoco_ros2_control/share/mujoco_ros2_control/local_setup.sh
[0.163s] -- Up-to-date: /home/mscrobotics2425laptop16/Haptic-Exploration-of-Unknown-Surfaces/Admittance Control/install/mujoco_ros2_control/share/mujoco_ros2_control/local_setup.zsh
[0.163s] -- Up-to-date: /home/mscrobotics2425laptop16/Haptic-Exploration-of-Unknown-Surfaces/Admittance Control/install/mujoco_ros2_control/share/mujoco_ros2_control/local_setup.dsv
[0.163s] -- Installing: /home/mscrobotics2425laptop16/Haptic-Exploration-of-Unknown-Surfaces/Admittance Control/install/mujoco_ros2_control/share/mujoco_ros2_control/package.dsv
[0.163s] -- Up-to-date: /home/mscrobotics2425laptop16/Haptic-Exploration-of-Unknown-Surfaces/Admittance Control/install/mujoco_ros2_control/share/ament_index/resource_index/packages/mujoco_ros2_control
[0.163s] -- Up-to-date: /home/mscrobotics2425laptop16/Haptic-Exploration-of-Unknown-Surfaces/Admittance Control/install/mujoco_ros2_control/share/ament_index/resource_index/mujoco_ros2_control__pluginlib__plugin/mujoco_ros2_control
[0.163s] -- Up-to-date: /home/mscrobotics2425laptop16/Haptic-Exploration-of-Unknown-Surfaces/Admittance Control/install/mujoco_ros2_control/share/mujoco_ros2_control/cmake/mujoco_ros2_controlConfig.cmake
[0.163s] -- Up-to-date: /home/mscrobotics2425laptop16/Haptic-Exploration-of-Unknown-Surfaces/Admittance Control/install/mujoco_ros2_control/share/mujoco_ros2_control/cmake/mujoco_ros2_controlConfig-version.cmake
[0.163s] -- Up-to-date: /home/mscrobotics2425laptop16/Haptic-Exploration-of-Unknown-Surfaces/Admittance Control/install/mujoco_ros2_control/share/mujoco_ros2_control/package.xml
[0.164s] Invoked command in '/home/mscrobotics2425laptop16/Haptic-Exploration-of-Unknown-Surfaces/Admittance Control/build/mujoco_ros2_control' returned '0': CMAKE_PREFIX_PATH=${CMAKE_PREFIX_PATH}:/home/mscrobotics2425laptop16/interbotix_ws/install/interbotix_xs_modules:/home/mscrobotics2425laptop16/interbotix_ws/install/interbotix_perception_modules:/home/mscrobotics2425laptop16/interbotix_ws/install/interbotix_common_modules:/home/mscrobotics2425laptop16/interbotix_ws/install/control_pkg:/opt/ros/humble /usr/bin/cmake --install /home/mscrobotics2425laptop16/Haptic-Exploration-of-Unknown-Surfaces/Admittance Control/build/mujoco_ros2_control
