[35m[1mConsolidate compiler generated dependencies of target contact_point_recorder[0m
[35m[1mConsolidate compiler generated dependencies of target hybridforcetangentialcontroller[0m
[35m[1mConsolidate compiler generated dependencies of target ee_pose_bridge[0m
[35m[1mConsolidate compiler generated dependencies of target fr3_control_publish__rosidl_generator_c[0m
[  2%] Built target fr3_control_publish__cpp
[ 10%] Built target fr3_control_publish__rosidl_generator_c
[35m[1mConsolidate compiler generated dependencies of target fr3_control_publish__rosidl_typesupport_cpp[0m
[ 15%] Built target hybridforcetangentialcontroller
[ 15%] Built target ament_cmake_python_copy_fr3_control_publish
[ 20%] Built target ee_pose_bridge
[35m[1mConsolidate compiler generated dependencies of target fr3_control_publish__rosidl_typesupport_introspection_cpp[0m
[ 25%] Built target contact_point_recorder
[35m[1mConsolidate compiler generated dependencies of target fr3_control_publish__rosidl_typesupport_fastrtps_c[0m
[35m[1mConsolidate compiler generated dependencies of target fr3_control_publish__rosidl_typesupport_fastrtps_cpp[0m
[35m[1mConsolidate compiler generated dependencies of target fr3_control_publish__rosidl_typesupport_introspection_c[0m
[ 33%] Built target fr3_control_publish__rosidl_typesupport_cpp
[35m[1mConsolidate compiler generated dependencies of target fr3_control_publish__rosidl_typesupport_c[0m
[ 41%] Built target fr3_control_publish__rosidl_typesupport_introspection_cpp
[ 48%] Built target fr3_control_publish__rosidl_typesupport_fastrtps_c
[ 56%] Built target fr3_control_publish__rosidl_typesupport_fastrtps_cpp
[ 64%] Built target fr3_control_publish__rosidl_typesupport_introspection_c
[35m[1mConsolidate compiler generated dependencies of target jacobian_publisher[0m
[ 71%] Built target fr3_control_publish__rosidl_typesupport_c
[ 76%] Built target jacobian_publisher
[ 76%] Built target fr3_control_publish
[ 79%] Built target fr3_control_publish__py
[35m[1mConsolidate compiler generated dependencies of target fr3_control_publish__rosidl_generator_py[0m
[ 84%] Built target fr3_control_publish__rosidl_generator_py
[35m[1mConsolidate compiler generated dependencies of target fr3_control_publish__rosidl_typesupport_c__pyext[0m
[35m[1mConsolidate compiler generated dependencies of target fr3_control_publish__rosidl_typesupport_introspection_c__pyext[0m
[35m[1mConsolidate compiler generated dependencies of target fr3_control_publish__rosidl_typesupport_fastrtps_c__pyext[0m
[ 89%] Built target fr3_control_publish__rosidl_typesupport_c__pyext
[ 94%] Built target fr3_control_publish__rosidl_typesupport_fastrtps_c__pyext
[100%] Built target fr3_control_publish__rosidl_typesupport_introspection_c__pyext
running egg_info
writing fr3_control_publish.egg-info/PKG-INFO
writing dependency_links to fr3_control_publish.egg-info/dependency_links.txt
writing top-level names to fr3_control_publish.egg-info/top_level.txt
reading manifest file 'fr3_control_publish.egg-info/SOURCES.txt'
writing manifest file 'fr3_control_publish.egg-info/SOURCES.txt'
[100%] Built target ament_cmake_python_build_fr3_control_publish_egg
-- Install configuration: ""
-- Up-to-date: /home/mscrobotics2425laptop16/Haptic-Exploration-of-Unknown-Surfaces/Admittance Control/install/fr3_control_publish/share/ament_index/resource_index/rosidl_interfaces/fr3_control_publish
-- Up-to-date: /home/mscrobotics2425laptop16/Haptic-Exploration-of-Unknown-Surfaces/Admittance Control/install/fr3_control_publish/include/fr3_control_publish/fr3_control_publish
-- Up-to-date: /home/mscrobotics2425laptop16/Haptic-Exploration-of-Unknown-Surfaces/Admittance Control/install/fr3_control_publish/include/fr3_control_publish/fr3_control_publish/msg
-- Up-to-date: /home/mscrobotics2425laptop16/Haptic-Exploration-of-Unknown-Surfaces/Admittance Control/install/fr3_control_publish/include/fr3_control_publish/fr3_control_publish/msg/touch_tip_wrench.h
-- Up-to-date: /home/mscrobotics2425laptop16/Haptic-Exploration-of-Unknown-Surfaces/Admittance Control/install/fr3_control_publish/include/fr3_control_publish/fr3_control_publish/msg/detail
-- Up-to-date: /home/mscrobotics2425laptop16/Haptic-Exploration-of-Unknown-Surfaces/Admittance Control/install/fr3_control_publish/include/fr3_control_publish/fr3_control_publish/msg/detail/touch_tip_wrench__type_support.h
-- Up-to-date: /home/mscrobotics2425laptop16/Haptic-Exploration-of-Unknown-Surfaces/Admittance Control/install/fr3_control_publish/include/fr3_control_publish/fr3_control_publish/msg/detail/touch_tip_wrench__functions.h
-- Up-to-date: /home/mscrobotics2425laptop16/Haptic-Exploration-of-Unknown-Surfaces/Admittance Control/install/fr3_control_publish/include/fr3_control_publish/fr3_control_publish/msg/detail/touch_tip_wrench__functions.c
-- Up-to-date: /home/mscrobotics2425laptop16/Haptic-Exploration-of-Unknown-Surfaces/Admittance Control/install/fr3_control_publish/include/fr3_control_publish/fr3_control_publish/msg/detail/touch_tip_wrench__struct.h
-- Up-to-date: /home/mscrobotics2425laptop16/Haptic-Exploration-of-Unknown-Surfaces/Admittance Control/install/fr3_control_publish/include/fr3_control_publish/fr3_control_publish/msg/rosidl_generator_c__visibility_control.h
-- Up-to-date: /home/mscrobotics2425laptop16/Haptic-Exploration-of-Unknown-Surfaces/Admittance Control/install/fr3_control_publish/share/fr3_control_publish/environment/library_path.sh
-- Up-to-date: /home/mscrobotics2425laptop16/Haptic-Exploration-of-Unknown-Surfaces/Admittance Control/install/fr3_control_publish/share/fr3_control_publish/environment/library_path.dsv
-- Up-to-date: /home/mscrobotics2425laptop16/Haptic-Exploration-of-Unknown-Surfaces/Admittance Control/install/fr3_control_publish/lib/libfr3_control_publish__rosidl_generator_c.so
-- Up-to-date: /home/mscrobotics2425laptop16/Haptic-Exploration-of-Unknown-Surfaces/Admittance Control/install/fr3_control_publish/include/fr3_control_publish/fr3_control_publish
-- Up-to-date: /home/mscrobotics2425laptop16/Haptic-Exploration-of-Unknown-Surfaces/Admittance Control/install/fr3_control_publish/include/fr3_control_publish/fr3_control_publish/msg
-- Up-to-date: /home/mscrobotics2425laptop16/Haptic-Exploration-of-Unknown-Surfaces/Admittance Control/install/fr3_control_publish/include/fr3_control_publish/fr3_control_publish/msg/detail
-- Up-to-date: /home/mscrobotics2425laptop16/Haptic-Exploration-of-Unknown-Surfaces/Admittance Control/install/fr3_control_publish/include/fr3_control_publish/fr3_control_publish/msg/detail/touch_tip_wrench__rosidl_typesupport_fastrtps_c.h
-- Up-to-date: /home/mscrobotics2425laptop16/Haptic-Exploration-of-Unknown-Surfaces/Admittance Control/install/fr3_control_publish/include/fr3_control_publish/fr3_control_publish/msg/rosidl_typesupport_fastrtps_c__visibility_control.h
-- Up-to-date: /home/mscrobotics2425laptop16/Haptic-Exploration-of-Unknown-Surfaces/Admittance Control/install/fr3_control_publish/lib/libfr3_control_publish__rosidl_typesupport_fastrtps_c.so
-- Up-to-date: /home/mscrobotics2425laptop16/Haptic-Exploration-of-Unknown-Surfaces/Admittance Control/install/fr3_control_publish/include/fr3_control_publish/fr3_control_publish
-- Up-to-date: /home/mscrobotics2425laptop16/Haptic-Exploration-of-Unknown-Surfaces/Admittance Control/install/fr3_control_publish/include/fr3_control_publish/fr3_control_publish/msg
-- Up-to-date: /home/mscrobotics2425laptop16/Haptic-Exploration-of-Unknown-Surfaces/Admittance Control/install/fr3_control_publish/include/fr3_control_publish/fr3_control_publish/msg/rosidl_typesupport_introspection_c__visibility_control.h
-- Up-to-date: /home/mscrobotics2425laptop16/Haptic-Exploration-of-Unknown-Surfaces/Admittance Control/install/fr3_control_publish/include/fr3_control_publish/fr3_control_publish/msg/detail
-- Up-to-date: /home/mscrobotics2425laptop16/Haptic-Exploration-of-Unknown-Surfaces/Admittance Control/install/fr3_control_publish/include/fr3_control_publish/fr3_control_publish/msg/detail/touch_tip_wrench__type_support.c
-- Up-to-date: /home/mscrobotics2425laptop16/Haptic-Exploration-of-Unknown-Surfaces/Admittance Control/install/fr3_control_publish/include/fr3_control_publish/fr3_control_publish/msg/detail/touch_tip_wrench__rosidl_typesupport_introspection_c.h
-- Up-to-date: /home/mscrobotics2425laptop16/Haptic-Exploration-of-Unknown-Surfaces/Admittance Control/install/fr3_control_publish/lib/libfr3_control_publish__rosidl_typesupport_introspection_c.so
-- Up-to-date: /home/mscrobotics2425laptop16/Haptic-Exploration-of-Unknown-Surfaces/Admittance Control/install/fr3_control_publish/lib/libfr3_control_publish__rosidl_typesupport_c.so
-- Up-to-date: /home/mscrobotics2425laptop16/Haptic-Exploration-of-Unknown-Surfaces/Admittance Control/install/fr3_control_publish/include/fr3_control_publish/fr3_control_publish
-- Up-to-date: /home/mscrobotics2425laptop16/Haptic-Exploration-of-Unknown-Surfaces/Admittance Control/install/fr3_control_publish/include/fr3_control_publish/fr3_control_publish/msg
-- Up-to-date: /home/mscrobotics2425laptop16/Haptic-Exploration-of-Unknown-Surfaces/Admittance Control/install/fr3_control_publish/include/fr3_control_publish/fr3_control_publish/msg/detail
-- Up-to-date: /home/mscrobotics2425laptop16/Haptic-Exploration-of-Unknown-Surfaces/Admittance Control/install/fr3_control_publish/include/fr3_control_publish/fr3_control_publish/msg/detail/touch_tip_wrench__traits.hpp
-- Up-to-date: /home/mscrobotics2425laptop16/Haptic-Exploration-of-Unknown-Surfaces/Admittance Control/install/fr3_control_publish/include/fr3_control_publish/fr3_control_publish/msg/detail/touch_tip_wrench__type_support.hpp
-- Up-to-date: /home/mscrobotics2425laptop16/Haptic-Exploration-of-Unknown-Surfaces/Admittance Control/install/fr3_control_publish/include/fr3_control_publish/fr3_control_publish/msg/detail/touch_tip_wrench__builder.hpp
-- Up-to-date: /home/mscrobotics2425laptop16/Haptic-Exploration-of-Unknown-Surfaces/Admittance Control/install/fr3_control_publish/include/fr3_control_publish/fr3_control_publish/msg/detail/touch_tip_wrench__struct.hpp
-- Up-to-date: /home/mscrobotics2425laptop16/Haptic-Exploration-of-Unknown-Surfaces/Admittance Control/install/fr3_control_publish/include/fr3_control_publish/fr3_control_publish/msg/touch_tip_wrench.hpp
-- Up-to-date: /home/mscrobotics2425laptop16/Haptic-Exploration-of-Unknown-Surfaces/Admittance Control/install/fr3_control_publish/include/fr3_control_publish/fr3_control_publish/msg/rosidl_generator_cpp__visibility_control.hpp
-- Up-to-date: /home/mscrobotics2425laptop16/Haptic-Exploration-of-Unknown-Surfaces/Admittance Control/install/fr3_control_publish/include/fr3_control_publish/fr3_control_publish
-- Up-to-date: /home/mscrobotics2425laptop16/Haptic-Exploration-of-Unknown-Surfaces/Admittance Control/install/fr3_control_publish/include/fr3_control_publish/fr3_control_publish/msg
-- Up-to-date: /home/mscrobotics2425laptop16/Haptic-Exploration-of-Unknown-Surfaces/Admittance Control/install/fr3_control_publish/include/fr3_control_publish/fr3_control_publish/msg/detail
-- Up-to-date: /home/mscrobotics2425laptop16/Haptic-Exploration-of-Unknown-Surfaces/Admittance Control/install/fr3_control_publish/include/fr3_control_publish/fr3_control_publish/msg/detail/dds_fastrtps
-- Up-to-date: /home/mscrobotics2425laptop16/Haptic-Exploration-of-Unknown-Surfaces/Admittance Control/install/fr3_control_publish/include/fr3_control_publish/fr3_control_publish/msg/detail/touch_tip_wrench__rosidl_typesupport_fastrtps_cpp.hpp
-- Up-to-date: /home/mscrobotics2425laptop16/Haptic-Exploration-of-Unknown-Surfaces/Admittance Control/install/fr3_control_publish/include/fr3_control_publish/fr3_control_publish/msg/rosidl_typesupport_fastrtps_cpp__visibility_control.h
-- Up-to-date: /home/mscrobotics2425laptop16/Haptic-Exploration-of-Unknown-Surfaces/Admittance Control/install/fr3_control_publish/lib/libfr3_control_publish__rosidl_typesupport_fastrtps_cpp.so
-- Up-to-date: /home/mscrobotics2425laptop16/Haptic-Exploration-of-Unknown-Surfaces/Admittance Control/install/fr3_control_publish/include/fr3_control_publish/fr3_control_publish
-- Up-to-date: /home/mscrobotics2425laptop16/Haptic-Exploration-of-Unknown-Surfaces/Admittance Control/install/fr3_control_publish/include/fr3_control_publish/fr3_control_publish/msg
-- Up-to-date: /home/mscrobotics2425laptop16/Haptic-Exploration-of-Unknown-Surfaces/Admittance Control/install/fr3_control_publish/include/fr3_control_publish/fr3_control_publish/msg/detail
-- Up-to-date: /home/mscrobotics2425laptop16/Haptic-Exploration-of-Unknown-Surfaces/Admittance Control/install/fr3_control_publish/include/fr3_control_publish/fr3_control_publish/msg/detail/touch_tip_wrench__type_support.cpp
-- Up-to-date: /home/mscrobotics2425laptop16/Haptic-Exploration-of-Unknown-Surfaces/Admittance Control/install/fr3_control_publish/include/fr3_control_publish/fr3_control_publish/msg/detail/touch_tip_wrench__rosidl_typesupport_introspection_cpp.hpp
-- Up-to-date: /home/mscrobotics2425laptop16/Haptic-Exploration-of-Unknown-Surfaces/Admittance Control/install/fr3_control_publish/lib/libfr3_control_publish__rosidl_typesupport_introspection_cpp.so
-- Up-to-date: /home/mscrobotics2425laptop16/Haptic-Exploration-of-Unknown-Surfaces/Admittance Control/install/fr3_control_publish/lib/libfr3_control_publish__rosidl_typesupport_cpp.so
-- Up-to-date: /home/mscrobotics2425laptop16/Haptic-Exploration-of-Unknown-Surfaces/Admittance Control/install/fr3_control_publish/share/fr3_control_publish/environment/pythonpath.sh
-- Up-to-date: /home/mscrobotics2425laptop16/Haptic-Exploration-of-Unknown-Surfaces/Admittance Control/install/fr3_control_publish/share/fr3_control_publish/environment/pythonpath.dsv
-- Up-to-date: /home/mscrobotics2425laptop16/Haptic-Exploration-of-Unknown-Surfaces/Admittance Control/install/fr3_control_publish/local/lib/python3.10/dist-packages/fr3_control_publish-0.0.0-py3.10.egg-info
-- Installing: /home/mscrobotics2425laptop16/Haptic-Exploration-of-Unknown-Surfaces/Admittance Control/install/fr3_control_publish/local/lib/python3.10/dist-packages/fr3_control_publish-0.0.0-py3.10.egg-info/dependency_links.txt
-- Installing: /home/mscrobotics2425laptop16/Haptic-Exploration-of-Unknown-Surfaces/Admittance Control/install/fr3_control_publish/local/lib/python3.10/dist-packages/fr3_control_publish-0.0.0-py3.10.egg-info/PKG-INFO
-- Installing: /home/mscrobotics2425laptop16/Haptic-Exploration-of-Unknown-Surfaces/Admittance Control/install/fr3_control_publish/local/lib/python3.10/dist-packages/fr3_control_publish-0.0.0-py3.10.egg-info/top_level.txt
-- Installing: /home/mscrobotics2425laptop16/Haptic-Exploration-of-Unknown-Surfaces/Admittance Control/install/fr3_control_publish/local/lib/python3.10/dist-packages/fr3_control_publish-0.0.0-py3.10.egg-info/SOURCES.txt
-- Up-to-date: /home/mscrobotics2425laptop16/Haptic-Exploration-of-Unknown-Surfaces/Admittance Control/install/fr3_control_publish/local/lib/python3.10/dist-packages/fr3_control_publish
-- Up-to-date: /home/mscrobotics2425laptop16/Haptic-Exploration-of-Unknown-Surfaces/Admittance Control/install/fr3_control_publish/local/lib/python3.10/dist-packages/fr3_control_publish/_fr3_control_publish_s.ep.rosidl_typesupport_fastrtps_c.c
-- Up-to-date: /home/mscrobotics2425laptop16/Haptic-Exploration-of-Unknown-Surfaces/Admittance Control/install/fr3_control_publish/local/lib/python3.10/dist-packages/fr3_control_publish/libfr3_control_publish__rosidl_generator_py.so
-- Up-to-date: /home/mscrobotics2425laptop16/Haptic-Exploration-of-Unknown-Surfaces/Admittance Control/install/fr3_control_publish/local/lib/python3.10/dist-packages/fr3_control_publish/__init__.py
-- Up-to-date: /home/mscrobotics2425laptop16/Haptic-Exploration-of-Unknown-Surfaces/Admittance Control/install/fr3_control_publish/local/lib/python3.10/dist-packages/fr3_control_publish/fr3_control_publish_s__rosidl_typesupport_fastrtps_c.cpython-310-x86_64-linux-gnu.so
-- Up-to-date: /home/mscrobotics2425laptop16/Haptic-Exploration-of-Unknown-Surfaces/Admittance Control/install/fr3_control_publish/local/lib/python3.10/dist-packages/fr3_control_publish/_fr3_control_publish_s.ep.rosidl_typesupport_introspection_c.c
-- Up-to-date: /home/mscrobotics2425laptop16/Haptic-Exploration-of-Unknown-Surfaces/Admittance Control/install/fr3_control_publish/local/lib/python3.10/dist-packages/fr3_control_publish/msg
-- Up-to-date: /home/mscrobotics2425laptop16/Haptic-Exploration-of-Unknown-Surfaces/Admittance Control/install/fr3_control_publish/local/lib/python3.10/dist-packages/fr3_control_publish/msg/__init__.py
-- Up-to-date: /home/mscrobotics2425laptop16/Haptic-Exploration-of-Unknown-Surfaces/Admittance Control/install/fr3_control_publish/local/lib/python3.10/dist-packages/fr3_control_publish/msg/_touch_tip_wrench.py
-- Up-to-date: /home/mscrobotics2425laptop16/Haptic-Exploration-of-Unknown-Surfaces/Admittance Control/install/fr3_control_publish/local/lib/python3.10/dist-packages/fr3_control_publish/msg/_touch_tip_wrench_s.c
-- Up-to-date: /home/mscrobotics2425laptop16/Haptic-Exploration-of-Unknown-Surfaces/Admittance Control/install/fr3_control_publish/local/lib/python3.10/dist-packages/fr3_control_publish/_fr3_control_publish_s.ep.rosidl_typesupport_c.c
-- Up-to-date: /home/mscrobotics2425laptop16/Haptic-Exploration-of-Unknown-Surfaces/Admittance Control/install/fr3_control_publish/local/lib/python3.10/dist-packages/fr3_control_publish/fr3_control_publish_s__rosidl_typesupport_c.cpython-310-x86_64-linux-gnu.so
-- Up-to-date: /home/mscrobotics2425laptop16/Haptic-Exploration-of-Unknown-Surfaces/Admittance Control/install/fr3_control_publish/local/lib/python3.10/dist-packages/fr3_control_publish/fr3_control_publish_s__rosidl_typesupport_introspection_c.cpython-310-x86_64-linux-gnu.so
Listing '/home/mscrobotics2425laptop16/Haptic-Exploration-of-Unknown-Surfaces/Admittance Control/install/fr3_control_publish/local/lib/python3.10/dist-packages/fr3_control_publish'...
Listing '/home/mscrobotics2425laptop16/Haptic-Exploration-of-Unknown-Surfaces/Admittance Control/install/fr3_control_publish/local/lib/python3.10/dist-packages/fr3_control_publish/msg'...
-- Up-to-date: /home/mscrobotics2425laptop16/Haptic-Exploration-of-Unknown-Surfaces/Admittance Control/install/fr3_control_publish/local/lib/python3.10/dist-packages/fr3_control_publish/fr3_control_publish_s__rosidl_typesupport_fastrtps_c.cpython-310-x86_64-linux-gnu.so
-- Up-to-date: /home/mscrobotics2425laptop16/Haptic-Exploration-of-Unknown-Surfaces/Admittance Control/install/fr3_control_publish/local/lib/python3.10/dist-packages/fr3_control_publish/fr3_control_publish_s__rosidl_typesupport_introspection_c.cpython-310-x86_64-linux-gnu.so
-- Up-to-date: /home/mscrobotics2425laptop16/Haptic-Exploration-of-Unknown-Surfaces/Admittance Control/install/fr3_control_publish/local/lib/python3.10/dist-packages/fr3_control_publish/fr3_control_publish_s__rosidl_typesupport_c.cpython-310-x86_64-linux-gnu.so
-- Up-to-date: /home/mscrobotics2425laptop16/Haptic-Exploration-of-Unknown-Surfaces/Admittance Control/install/fr3_control_publish/lib/libfr3_control_publish__rosidl_generator_py.so
-- Up-to-date: /home/mscrobotics2425laptop16/Haptic-Exploration-of-Unknown-Surfaces/Admittance Control/install/fr3_control_publish/share/fr3_control_publish/msg/TouchTipWrench.idl
-- Up-to-date: /home/mscrobotics2425laptop16/Haptic-Exploration-of-Unknown-Surfaces/Admittance Control/install/fr3_control_publish/share/fr3_control_publish/msg/TouchTipWrench.msg
-- Up-to-date: /home/mscrobotics2425laptop16/Haptic-Exploration-of-Unknown-Surfaces/Admittance Control/install/fr3_control_publish/lib/fr3_control_publish/ee_pose_bridge
-- Up-to-date: /home/mscrobotics2425laptop16/Haptic-Exploration-of-Unknown-Surfaces/Admittance Control/install/fr3_control_publish/lib/fr3_control_publish/jacobian_publisher
-- Up-to-date: /home/mscrobotics2425laptop16/Haptic-Exploration-of-Unknown-Surfaces/Admittance Control/install/fr3_control_publish/lib/fr3_control_publish/hybridforcetangentialcontroller
-- Up-to-date: /home/mscrobotics2425laptop16/Haptic-Exploration-of-Unknown-Surfaces/Admittance Control/install/fr3_control_publish/lib/fr3_control_publish/contact_point_recorder
-- Up-to-date: /home/mscrobotics2425laptop16/Haptic-Exploration-of-Unknown-Surfaces/Admittance Control/install/fr3_control_publish/share/ament_index/resource_index/package_run_dependencies/fr3_control_publish
-- Up-to-date: /home/mscrobotics2425laptop16/Haptic-Exploration-of-Unknown-Surfaces/Admittance Control/install/fr3_control_publish/share/ament_index/resource_index/parent_prefix_path/fr3_control_publish
-- Up-to-date: /home/mscrobotics2425laptop16/Haptic-Exploration-of-Unknown-Surfaces/Admittance Control/install/fr3_control_publish/share/fr3_control_publish/environment/ament_prefix_path.sh
-- Up-to-date: /home/mscrobotics2425laptop16/Haptic-Exploration-of-Unknown-Surfaces/Admittance Control/install/fr3_control_publish/share/fr3_control_publish/environment/ament_prefix_path.dsv
-- Up-to-date: /home/mscrobotics2425laptop16/Haptic-Exploration-of-Unknown-Surfaces/Admittance Control/install/fr3_control_publish/share/fr3_control_publish/environment/path.sh
-- Up-to-date: /home/mscrobotics2425laptop16/Haptic-Exploration-of-Unknown-Surfaces/Admittance Control/install/fr3_control_publish/share/fr3_control_publish/environment/path.dsv
-- Up-to-date: /home/mscrobotics2425laptop16/Haptic-Exploration-of-Unknown-Surfaces/Admittance Control/install/fr3_control_publish/share/fr3_control_publish/local_setup.bash
-- Up-to-date: /home/mscrobotics2425laptop16/Haptic-Exploration-of-Unknown-Surfaces/Admittance Control/install/fr3_control_publish/share/fr3_control_publish/local_setup.sh
-- Up-to-date: /home/mscrobotics2425laptop16/Haptic-Exploration-of-Unknown-Surfaces/Admittance Control/install/fr3_control_publish/share/fr3_control_publish/local_setup.zsh
-- Up-to-date: /home/mscrobotics2425laptop16/Haptic-Exploration-of-Unknown-Surfaces/Admittance Control/install/fr3_control_publish/share/fr3_control_publish/local_setup.dsv
-- Installing: /home/mscrobotics2425laptop16/Haptic-Exploration-of-Unknown-Surfaces/Admittance Control/install/fr3_control_publish/share/fr3_control_publish/package.dsv
-- Up-to-date: /home/mscrobotics2425laptop16/Haptic-Exploration-of-Unknown-Surfaces/Admittance Control/install/fr3_control_publish/share/ament_index/resource_index/packages/fr3_control_publish
-- Up-to-date: /home/mscrobotics2425laptop16/Haptic-Exploration-of-Unknown-Surfaces/Admittance Control/install/fr3_control_publish/share/fr3_control_publish/cmake/export_fr3_control_publish__rosidl_generator_cExport.cmake
-- Up-to-date: /home/mscrobotics2425laptop16/Haptic-Exploration-of-Unknown-Surfaces/Admittance Control/install/fr3_control_publish/share/fr3_control_publish/cmake/export_fr3_control_publish__rosidl_generator_cExport-noconfig.cmake
-- Up-to-date: /home/mscrobotics2425laptop16/Haptic-Exploration-of-Unknown-Surfaces/Admittance Control/install/fr3_control_publish/share/fr3_control_publish/cmake/export_fr3_control_publish__rosidl_typesupport_fastrtps_cExport.cmake
-- Up-to-date: /home/mscrobotics2425laptop16/Haptic-Exploration-of-Unknown-Surfaces/Admittance Control/install/fr3_control_publish/share/fr3_control_publish/cmake/export_fr3_control_publish__rosidl_typesupport_fastrtps_cExport-noconfig.cmake
-- Up-to-date: /home/mscrobotics2425laptop16/Haptic-Exploration-of-Unknown-Surfaces/Admittance Control/install/fr3_control_publish/share/fr3_control_publish/cmake/fr3_control_publish__rosidl_typesupport_introspection_cExport.cmake
-- Up-to-date: /home/mscrobotics2425laptop16/Haptic-Exploration-of-Unknown-Surfaces/Admittance Control/install/fr3_control_publish/share/fr3_control_publish/cmake/fr3_control_publish__rosidl_typesupport_introspection_cExport-noconfig.cmake
-- Up-to-date: /home/mscrobotics2425laptop16/Haptic-Exploration-of-Unknown-Surfaces/Admittance Control/install/fr3_control_publish/share/fr3_control_publish/cmake/fr3_control_publish__rosidl_typesupport_cExport.cmake
-- Up-to-date: /home/mscrobotics2425laptop16/Haptic-Exploration-of-Unknown-Surfaces/Admittance Control/install/fr3_control_publish/share/fr3_control_publish/cmake/fr3_control_publish__rosidl_typesupport_cExport-noconfig.cmake
-- Up-to-date: /home/mscrobotics2425laptop16/Haptic-Exploration-of-Unknown-Surfaces/Admittance Control/install/fr3_control_publish/share/fr3_control_publish/cmake/export_fr3_control_publish__rosidl_generator_cppExport.cmake
-- Up-to-date: /home/mscrobotics2425laptop16/Haptic-Exploration-of-Unknown-Surfaces/Admittance Control/install/fr3_control_publish/share/fr3_control_publish/cmake/export_fr3_control_publish__rosidl_typesupport_fastrtps_cppExport.cmake
-- Up-to-date: /home/mscrobotics2425laptop16/Haptic-Exploration-of-Unknown-Surfaces/Admittance Control/install/fr3_control_publish/share/fr3_control_publish/cmake/export_fr3_control_publish__rosidl_typesupport_fastrtps_cppExport-noconfig.cmake
-- Up-to-date: /home/mscrobotics2425laptop16/Haptic-Exploration-of-Unknown-Surfaces/Admittance Control/install/fr3_control_publish/share/fr3_control_publish/cmake/fr3_control_publish__rosidl_typesupport_introspection_cppExport.cmake
-- Up-to-date: /home/mscrobotics2425laptop16/Haptic-Exploration-of-Unknown-Surfaces/Admittance Control/install/fr3_control_publish/share/fr3_control_publish/cmake/fr3_control_publish__rosidl_typesupport_introspection_cppExport-noconfig.cmake
-- Up-to-date: /home/mscrobotics2425laptop16/Haptic-Exploration-of-Unknown-Surfaces/Admittance Control/install/fr3_control_publish/share/fr3_control_publish/cmake/fr3_control_publish__rosidl_typesupport_cppExport.cmake
-- Up-to-date: /home/mscrobotics2425laptop16/Haptic-Exploration-of-Unknown-Surfaces/Admittance Control/install/fr3_control_publish/share/fr3_control_publish/cmake/fr3_control_publish__rosidl_typesupport_cppExport-noconfig.cmake
-- Up-to-date: /home/mscrobotics2425laptop16/Haptic-Exploration-of-Unknown-Surfaces/Admittance Control/install/fr3_control_publish/share/fr3_control_publish/cmake/export_fr3_control_publish__rosidl_generator_pyExport.cmake
-- Up-to-date: /home/mscrobotics2425laptop16/Haptic-Exploration-of-Unknown-Surfaces/Admittance Control/install/fr3_control_publish/share/fr3_control_publish/cmake/export_fr3_control_publish__rosidl_generator_pyExport-noconfig.cmake
-- Up-to-date: /home/mscrobotics2425laptop16/Haptic-Exploration-of-Unknown-Surfaces/Admittance Control/install/fr3_control_publish/share/fr3_control_publish/cmake/rosidl_cmake-extras.cmake
-- Up-to-date: /home/mscrobotics2425laptop16/Haptic-Exploration-of-Unknown-Surfaces/Admittance Control/install/fr3_control_publish/share/fr3_control_publish/cmake/ament_cmake_export_dependencies-extras.cmake
-- Up-to-date: /home/mscrobotics2425laptop16/Haptic-Exploration-of-Unknown-Surfaces/Admittance Control/install/fr3_control_publish/share/fr3_control_publish/cmake/ament_cmake_export_include_directories-extras.cmake
-- Up-to-date: /home/mscrobotics2425laptop16/Haptic-Exploration-of-Unknown-Surfaces/Admittance Control/install/fr3_control_publish/share/fr3_control_publish/cmake/ament_cmake_export_libraries-extras.cmake
-- Up-to-date: /home/mscrobotics2425laptop16/Haptic-Exploration-of-Unknown-Surfaces/Admittance Control/install/fr3_control_publish/share/fr3_control_publish/cmake/ament_cmake_export_targets-extras.cmake
-- Up-to-date: /home/mscrobotics2425laptop16/Haptic-Exploration-of-Unknown-Surfaces/Admittance Control/install/fr3_control_publish/share/fr3_control_publish/cmake/rosidl_cmake_export_typesupport_targets-extras.cmake
-- Up-to-date: /home/mscrobotics2425laptop16/Haptic-Exploration-of-Unknown-Surfaces/Admittance Control/install/fr3_control_publish/share/fr3_control_publish/cmake/rosidl_cmake_export_typesupport_libraries-extras.cmake
-- Up-to-date: /home/mscrobotics2425laptop16/Haptic-Exploration-of-Unknown-Surfaces/Admittance Control/install/fr3_control_publish/share/fr3_control_publish/cmake/fr3_control_publishConfig.cmake
-- Up-to-date: /home/mscrobotics2425laptop16/Haptic-Exploration-of-Unknown-Surfaces/Admittance Control/install/fr3_control_publish/share/fr3_control_publish/cmake/fr3_control_publishConfig-version.cmake
-- Up-to-date: /home/mscrobotics2425laptop16/Haptic-Exploration-of-Unknown-Surfaces/Admittance Control/install/fr3_control_publish/share/fr3_control_publish/package.xml
